2025-09-22 23:49:01.614 [info] [getSessions] [all] starting
2025-09-22 23:49:01.614 [info] [getSessions] [all] returned 0 session(s)
2025-09-22 23:49:01.614 [info] [getSessions] [all] starting
2025-09-22 23:49:01.614 [info] [getSessions] [all] returned 0 session(s)
2025-09-22 23:49:01.614 [info] [getSessions] [all] starting
2025-09-22 23:49:01.614 [info] [getSessions] [all] returned 0 session(s)
2025-09-22 23:49:01.614 [info] [getSessions] [all] starting
2025-09-22 23:49:01.614 [info] [getSessions] [all] returned 0 session(s)
2025-09-22 23:49:01.616 [info] [getSessions] [499b84ac-1321-427f-aa17-267ca6975798/.default offline_access] starting
2025-09-22 23:49:01.616 [info] [aebc6443-996d-45c2-90f0-388ff96faa56] Native Broker is only available on Windows
2025-09-22 23:49:01.619 [info] [getSessions] [499b84ac-1321-427f-aa17-267ca6975798/.default offline_access] returned 0 session(s)
2025-09-22 23:49:02.197 [info] [getSessions] [499b84ac-1321-427f-aa17-267ca6975798/.default offline_access] starting
2025-09-22 23:49:02.197 [info] [getSessions] [499b84ac-1321-427f-aa17-267ca6975798/.default offline_access] returned 0 session(s)
2025-09-22 23:49:03.769 [info] [getSessions] [all] starting
2025-09-22 23:49:03.769 [info] [getSessions] [all] returned 0 session(s)
2025-09-22 23:49:43.406 [info] [getSessions] [499b84ac-1321-427f-aa17-267ca6975798/.default offline_access] starting
2025-09-22 23:49:43.406 [info] [getSessions] [499b84ac-1321-427f-aa17-267ca6975798/.default offline_access] returned 0 session(s)
2025-09-22 23:49:43.947 [info] [getSessions] [499b84ac-1321-427f-aa17-267ca6975798/.default offline_access] starting
2025-09-22 23:49:43.948 [info] [getSessions] [499b84ac-1321-427f-aa17-267ca6975798/.default offline_access] returned 0 session(s)
2025-09-22 23:50:05.750 [info] [aebc6443-996d-45c2-90f0-388ff96faa56] Native Broker is only available on Windows
2025-09-22 23:50:05.773 [info] [getSessions] [all] starting
2025-09-22 23:50:05.773 [info] [getSessions] [all] returned 0 session(s)
2025-09-22 23:50:05.773 [info] [getSessions] [all] starting
2025-09-22 23:50:05.773 [info] [getSessions] [all] returned 0 session(s)
2025-09-22 23:50:05.773 [info] [getSessions] [all] starting
2025-09-22 23:50:05.773 [info] [getSessions] [all] returned 0 session(s)
2025-09-22 23:50:05.773 [info] [getSessions] [all] starting
2025-09-22 23:50:05.773 [info] [getSessions] [all] returned 0 session(s)
2025-09-22 23:50:07.141 [info] [getSessions] [499b84ac-1321-427f-aa17-267ca6975798/.default offline_access] starting
2025-09-22 23:50:07.141 [info] [aebc6443-996d-45c2-90f0-388ff96faa56] Native Broker is only available on Windows
2025-09-22 23:50:07.505 [info] [getSessions] [499b84ac-1321-427f-aa17-267ca6975798/.default offline_access] returned 0 session(s)
2025-09-22 23:50:08.158 [info] [getSessions] [all] starting
2025-09-22 23:50:08.158 [info] [getSessions] [all] returned 0 session(s)
2025-09-22 23:52:47.239 [info] [getSessions] [email offline_access openid profile] starting
2025-09-22 23:52:47.239 [info] [getSessions] [email offline_access openid profile] returned 0 session(s)
