2025-09-23 20:24:15.449 [info] Reading sessions from keychain...
2025-09-23 20:24:15.449 [info] Getting sessions for all scopes...
2025-09-23 20:24:15.449 [info] Got stored sessions!
2025-09-23 20:24:15.449 [info] Got 2 verified sessions.
2025-09-23 20:24:15.449 [info] Got 2 sessions for ...
2025-09-23 20:24:15.449 [info] Getting sessions for all scopes...
2025-09-23 20:24:15.449 [info] Got 2 sessions for ...
2025-09-23 20:24:15.449 [info] Getting sessions for all scopes...
2025-09-23 20:24:15.449 [info] Got 2 sessions for ...
2025-09-23 20:24:15.449 [info] Getting sessions for all scopes...
2025-09-23 20:24:15.449 [info] Got 2 sessions for ...
2025-09-23 20:24:15.449 [info] Getting sessions for all scopes...
2025-09-23 20:24:15.449 [info] Got 2 sessions for ...
2025-09-23 20:24:15.449 [info] Getting sessions for all scopes...
2025-09-23 20:24:15.449 [info] Got 2 sessions for ...
2025-09-23 20:24:15.449 [info] Getting sessions for all scopes...
2025-09-23 20:24:15.449 [info] Got 2 sessions for ...
2025-09-23 20:24:15.449 [info] Getting sessions for all scopes...
2025-09-23 20:24:15.449 [info] Got 2 sessions for ...
2025-09-23 20:24:15.449 [info] Getting sessions for all scopes...
2025-09-23 20:24:15.449 [info] Got 2 sessions for ...
2025-09-23 20:24:15.449 [info] Getting sessions for all scopes...
2025-09-23 20:24:15.449 [info] Got 2 sessions for ...
2025-09-23 20:24:15.449 [info] Getting sessions for all scopes...
2025-09-23 20:24:15.449 [info] Got 2 sessions for ...
2025-09-23 20:24:15.449 [info] Getting sessions for all scopes...
2025-09-23 20:24:15.449 [info] Got 2 sessions for ...
2025-09-23 20:24:15.449 [info] Getting sessions for all scopes...
2025-09-23 20:24:15.449 [info] Got 2 sessions for ...
2025-09-23 20:24:15.449 [info] Getting sessions for all scopes...
2025-09-23 20:24:15.449 [info] Got 2 sessions for ...
2025-09-23 20:24:15.449 [info] Getting sessions for all scopes...
2025-09-23 20:24:15.449 [info] Got 2 sessions for ...
2025-09-23 20:24:15.450 [info] Getting sessions for all scopes...
2025-09-23 20:24:15.450 [info] Got 2 sessions for ...
2025-09-23 20:24:15.450 [info] Getting sessions for all scopes...
2025-09-23 20:24:15.450 [info] Got 2 sessions for ...
2025-09-23 20:24:15.450 [info] Getting sessions for user:email...
2025-09-23 20:24:15.450 [info] Got 1 sessions for user:email...
2025-09-23 20:24:15.450 [info] Getting sessions for read:user,repo,user:email,workflow...
2025-09-23 20:24:15.450 [info] Got 1 sessions for read:user,repo,user:email,workflow...
2025-09-23 20:24:23.971 [info] Getting sessions for user:email...
2025-09-23 20:24:23.971 [info] Got 1 sessions for user:email...
2025-09-23 20:24:24.031 [info] Getting sessions for all scopes...
2025-09-23 20:24:24.031 [info] Got 2 sessions for ...
2025-09-23 20:24:24.377 [info] Getting sessions for all scopes...
2025-09-23 20:24:24.377 [info] Got 2 sessions for ...
2025-09-23 20:24:24.379 [info] Getting sessions for all scopes...
2025-09-23 20:24:24.379 [info] Got 2 sessions for ...
2025-09-23 20:24:24.431 [info] Getting sessions for all scopes...
2025-09-23 20:24:24.431 [info] Got 2 sessions for ...
2025-09-23 20:24:24.503 [info] Getting sessions for all scopes...
2025-09-23 20:24:24.503 [info] Got 2 sessions for ...
2025-09-23 20:24:24.517 [info] fetching: Electron fetch failed with status: 429 
2025-09-23 20:24:25.212 [info] Getting sessions for read:user,repo,user:email...
2025-09-23 20:24:25.212 [info] Got 0 sessions for read:user,repo,user:email...
2025-09-23 20:24:26.104 [info] Getting sessions for read:user,repo,user:email,workflow...
2025-09-23 20:24:26.104 [info] Got 1 sessions for read:user,repo,user:email,workflow...
2025-09-23 20:24:26.129 [info] Getting sessions for all scopes...
2025-09-23 20:24:26.129 [info] Got 2 sessions for ...
2025-09-23 20:24:26.170 [info] Getting sessions for all scopes...
2025-09-23 20:24:26.170 [info] Got 2 sessions for ...
2025-09-23 20:24:26.264 [info] Getting sessions for read:user,repo,user:email,workflow...
2025-09-23 20:24:26.264 [info] Got 1 sessions for read:user,repo,user:email,workflow...
2025-09-23 20:24:26.353 [info] Getting sessions for all scopes...
2025-09-23 20:24:26.353 [info] Got 2 sessions for ...
2025-09-23 20:24:26.360 [info] Getting sessions for read:user,repo,user:email...
2025-09-23 20:24:26.360 [info] Got 0 sessions for read:user,repo,user:email...
2025-09-23 20:24:26.876 [info] Getting sessions for read:user,repo,user:email,workflow...
2025-09-23 20:24:26.876 [info] Got 1 sessions for read:user,repo,user:email,workflow...
2025-09-23 20:24:27.155 [info] Getting sessions for all scopes...
2025-09-23 20:24:27.155 [info] Got 2 sessions for ...
2025-09-23 20:24:27.167 [info] Getting sessions for read:user,repo,user:email,workflow...
2025-09-23 20:24:27.167 [info] Got 1 sessions for read:user,repo,user:email,workflow...
2025-09-23 20:24:27.219 [info] fetching: Node fetch failed with status: 429 Too Many Requests
2025-09-23 20:24:27.648 [info] Getting sessions for all scopes...
2025-09-23 20:24:27.648 [info] Got 2 sessions for ...
2025-09-23 20:24:27.649 [info] Getting sessions for all scopes...
2025-09-23 20:24:27.649 [info] Got 2 sessions for ...
2025-09-23 20:24:27.691 [info] Getting sessions for read:user,repo,user:email,workflow...
2025-09-23 20:24:27.691 [info] Got 1 sessions for read:user,repo,user:email,workflow...
2025-09-23 20:24:27.697 [info] Getting sessions for all scopes...
2025-09-23 20:24:27.697 [info] Got 2 sessions for ...
2025-09-23 20:24:27.701 [info] Getting sessions for read:user,repo,user:email,workflow...
2025-09-23 20:24:27.701 [info] Got 1 sessions for read:user,repo,user:email,workflow...
2025-09-23 20:24:28.021 [info] Getting sessions for all scopes...
2025-09-23 20:24:28.022 [info] Got 2 sessions for ...
2025-09-23 20:24:28.273 [info] fetching: Node http/s failed with status: 429 Too Many Requests
2025-09-23 20:24:28.413 [info] Getting sessions for read:user,repo,user:email,workflow...
2025-09-23 20:24:28.413 [info] Got 1 sessions for read:user,repo,user:email,workflow...
2025-09-23 20:24:28.458 [info] Getting sessions for all scopes...
2025-09-23 20:24:28.459 [info] Got 2 sessions for ...
2025-09-23 20:24:28.464 [info] Getting sessions for all scopes...
2025-09-23 20:24:28.464 [info] Got 2 sessions for ...
2025-09-23 20:24:28.969 [info] Getting sessions for all scopes...
2025-09-23 20:24:28.969 [info] Got 2 sessions for ...
2025-09-23 20:24:28.981 [info] Getting sessions for read:user,repo,user:email,workflow...
2025-09-23 20:24:28.981 [info] Got 1 sessions for read:user,repo,user:email,workflow...
2025-09-23 20:24:29.038 [info] Getting sessions for all scopes...
2025-09-23 20:24:29.038 [info] Got 2 sessions for ...
2025-09-23 20:24:29.046 [info] Getting sessions for read:user,repo,user:email,workflow...
2025-09-23 20:24:29.046 [info] Got 1 sessions for read:user,repo,user:email,workflow...
2025-09-23 20:24:30.641 [info] Getting sessions for all scopes...
2025-09-23 20:24:30.641 [info] Got 2 sessions for ...
