2025-09-23 10:50:15.321 [info] Reading sessions from keychain...
2025-09-23 10:50:15.321 [info] Getting sessions for all scopes...
2025-09-23 10:50:15.321 [info] Got stored sessions!
2025-09-23 10:50:15.321 [info] Got 2 verified sessions.
2025-09-23 10:50:15.321 [info] Got 2 sessions for ...
2025-09-23 10:50:15.321 [info] Getting sessions for all scopes...
2025-09-23 10:50:15.321 [info] Got 2 sessions for ...
2025-09-23 10:50:15.321 [info] Getting sessions for all scopes...
2025-09-23 10:50:15.321 [info] Got 2 sessions for ...
2025-09-23 10:50:15.321 [info] Getting sessions for all scopes...
2025-09-23 10:50:15.321 [info] Got 2 sessions for ...
2025-09-23 10:50:15.321 [info] Getting sessions for all scopes...
2025-09-23 10:50:15.321 [info] Got 2 sessions for ...
2025-09-23 10:50:15.321 [info] Getting sessions for all scopes...
2025-09-23 10:50:15.321 [info] Got 2 sessions for ...
2025-09-23 10:50:15.321 [info] Getting sessions for user:email...
2025-09-23 10:50:15.321 [info] Got 1 sessions for user:email...
2025-09-23 10:50:15.321 [info] Getting sessions for all scopes...
2025-09-23 10:50:15.322 [info] Got 2 sessions for ...
2025-09-23 10:50:15.322 [info] Getting sessions for all scopes...
2025-09-23 10:50:15.322 [info] Got 2 sessions for ...
2025-09-23 10:50:15.322 [info] Getting sessions for all scopes...
2025-09-23 10:50:15.322 [info] Got 2 sessions for ...
2025-09-23 10:50:15.322 [info] Getting sessions for all scopes...
2025-09-23 10:50:15.322 [info] Got 2 sessions for ...
2025-09-23 10:50:15.322 [info] Getting sessions for all scopes...
2025-09-23 10:50:15.322 [info] Got 2 sessions for ...
2025-09-23 10:50:15.322 [info] Getting sessions for all scopes...
2025-09-23 10:50:15.322 [info] Got 2 sessions for ...
2025-09-23 10:50:15.322 [info] Getting sessions for all scopes...
2025-09-23 10:50:15.322 [info] Got 2 sessions for ...
2025-09-23 10:50:15.322 [info] Getting sessions for all scopes...
2025-09-23 10:50:15.322 [info] Got 2 sessions for ...
2025-09-23 10:50:15.322 [info] Getting sessions for all scopes...
2025-09-23 10:50:15.322 [info] Got 2 sessions for ...
2025-09-23 10:50:15.322 [info] Getting sessions for all scopes...
2025-09-23 10:50:15.322 [info] Got 2 sessions for ...
2025-09-23 10:50:15.322 [info] Getting sessions for all scopes...
2025-09-23 10:50:15.322 [info] Got 2 sessions for ...
2025-09-23 10:50:15.322 [info] Getting sessions for all scopes...
2025-09-23 10:50:15.322 [info] Got 2 sessions for ...
2025-09-23 10:50:15.322 [info] Getting sessions for all scopes...
2025-09-23 10:50:15.322 [info] Got 2 sessions for ...
2025-09-23 10:50:15.322 [info] Getting sessions for all scopes...
2025-09-23 10:50:15.322 [info] Got 2 sessions for ...
2025-09-23 10:50:15.322 [info] Getting sessions for read:user,repo,user:email,workflow...
2025-09-23 10:50:15.322 [info] Got 1 sessions for read:user,repo,user:email,workflow...
2025-09-23 10:50:23.169 [info] fetching: Electron fetch failed with status: 429 
2025-09-23 10:50:23.199 [info] Getting sessions for all scopes...
2025-09-23 10:50:23.199 [info] Got 2 sessions for ...
2025-09-23 10:50:23.350 [info] Getting sessions for all scopes...
2025-09-23 10:50:23.350 [info] Got 2 sessions for ...
2025-09-23 10:50:23.350 [info] Getting sessions for user:email...
2025-09-23 10:50:23.350 [info] Got 1 sessions for user:email...
2025-09-23 10:50:23.645 [info] Getting sessions for read:user,repo,user:email,workflow...
2025-09-23 10:50:23.645 [info] Got 1 sessions for read:user,repo,user:email,workflow...
2025-09-23 10:50:24.282 [info] Getting sessions for all scopes...
2025-09-23 10:50:24.282 [info] Got 2 sessions for ...
2025-09-23 10:50:24.331 [info] Getting sessions for all scopes...
2025-09-23 10:50:24.332 [info] Got 2 sessions for ...
2025-09-23 10:50:24.332 [info] Getting sessions for read:user,repo,user:email,workflow...
2025-09-23 10:50:24.332 [info] Got 1 sessions for read:user,repo,user:email,workflow...
2025-09-23 10:50:24.607 [info] Getting sessions for all scopes...
2025-09-23 10:50:24.607 [info] Got 2 sessions for ...
2025-09-23 10:50:24.652 [info] Getting sessions for all scopes...
2025-09-23 10:50:24.652 [info] Got 2 sessions for ...
2025-09-23 10:50:24.679 [info] Getting sessions for read:user,repo,user:email,workflow...
2025-09-23 10:50:24.679 [info] Got 1 sessions for read:user,repo,user:email,workflow...
2025-09-23 10:50:25.136 [info] fetching: Node fetch failed with status: 429 Too Many Requests
2025-09-23 10:50:25.519 [info] Getting sessions for read:user,repo,user:email,workflow...
2025-09-23 10:50:25.519 [info] Got 1 sessions for read:user,repo,user:email,workflow...
2025-09-23 10:50:26.241 [info] Getting sessions for all scopes...
2025-09-23 10:50:26.241 [info] Got 2 sessions for ...
2025-09-23 10:50:26.246 [info] Getting sessions for all scopes...
2025-09-23 10:50:26.246 [info] Got 2 sessions for ...
2025-09-23 10:50:26.283 [info] Getting sessions for read:user,repo,user:email,workflow...
2025-09-23 10:50:26.284 [info] Got 1 sessions for read:user,repo,user:email,workflow...
2025-09-23 10:50:26.337 [info] Getting sessions for all scopes...
2025-09-23 10:50:26.337 [info] Got 2 sessions for ...
2025-09-23 10:50:26.373 [info] Getting sessions for read:user,repo,user:email,workflow...
2025-09-23 10:50:26.373 [info] Got 1 sessions for read:user,repo,user:email,workflow...
2025-09-23 10:50:26.571 [info] fetching: Node http/s failed with status: 429 Too Many Requests
2025-09-23 10:50:26.664 [info] Getting sessions for all scopes...
2025-09-23 10:50:26.664 [info] Got 2 sessions for ...
2025-09-23 10:50:26.678 [info] Getting sessions for read:user,repo,user:email,workflow...
2025-09-23 10:50:26.679 [info] Got 1 sessions for read:user,repo,user:email,workflow...
2025-09-23 10:50:26.698 [info] Getting sessions for all scopes...
2025-09-23 10:50:26.698 [info] Got 2 sessions for ...
2025-09-23 10:50:26.700 [info] Getting sessions for all scopes...
2025-09-23 10:50:26.700 [info] Got 2 sessions for ...
2025-09-23 10:50:26.700 [info] Getting sessions for all scopes...
2025-09-23 10:50:26.701 [info] Got 2 sessions for ...
2025-09-23 10:50:26.701 [info] Getting sessions for all scopes...
2025-09-23 10:50:26.701 [info] Got 2 sessions for ...
2025-09-23 10:50:26.705 [info] Getting sessions for read:user,repo,user:email,workflow...
2025-09-23 10:50:26.705 [info] Got 1 sessions for read:user,repo,user:email,workflow...
2025-09-23 10:50:27.404 [info] Getting sessions for all scopes...
2025-09-23 10:50:27.404 [info] Got 2 sessions for ...
2025-09-23 10:50:27.407 [info] Getting sessions for read:user,repo,user:email,workflow...
2025-09-23 10:50:27.407 [info] Got 1 sessions for read:user,repo,user:email,workflow...
2025-09-23 10:50:28.693 [info] Getting sessions for all scopes...
2025-09-23 10:50:28.693 [info] Got 2 sessions for ...
2025-09-23 12:03:55.324 [info] Getting sessions for read:user,repo,user:email...
2025-09-23 12:03:55.324 [info] Got 0 sessions for read:user,repo,user:email...
2025-09-23 12:03:55.789 [info] Getting sessions for read:user,repo,user:email...
2025-09-23 12:03:55.789 [info] Got 0 sessions for read:user,repo,user:email...
2025-09-23 12:03:55.863 [info] Getting sessions for read:user,repo,user:email...
2025-09-23 12:03:55.863 [info] Got 0 sessions for read:user,repo,user:email...
