2025-09-22 23:48:27.654 [info] Reading sessions from keychain...
2025-09-22 23:48:27.654 [info] Getting sessions for all scopes...
2025-09-22 23:48:27.654 [info] Got 0 sessions for ...
2025-09-22 23:48:27.654 [info] Getting sessions for all scopes...
2025-09-22 23:48:27.654 [info] Got 0 sessions for ...
2025-09-22 23:48:27.654 [info] Getting sessions for all scopes...
2025-09-22 23:48:27.654 [info] Got 0 sessions for ...
2025-09-22 23:48:27.654 [info] Getting sessions for all scopes...
2025-09-22 23:48:27.654 [info] Got 0 sessions for ...
2025-09-22 23:48:27.654 [info] Getting sessions for all scopes...
2025-09-22 23:48:27.654 [info] Got 0 sessions for ...
2025-09-22 23:48:27.654 [info] Getting sessions for all scopes...
2025-09-22 23:48:27.654 [info] Got 0 sessions for ...
2025-09-22 23:48:27.654 [info] Getting sessions for all scopes...
2025-09-22 23:48:27.654 [info] Got 0 sessions for ...
2025-09-22 23:48:27.654 [info] Getting sessions for all scopes...
2025-09-22 23:48:27.654 [info] Got 0 sessions for ...
2025-09-22 23:48:27.654 [info] Getting sessions for all scopes...
2025-09-22 23:48:27.654 [info] Got 0 sessions for ...
2025-09-22 23:48:27.654 [info] Getting sessions for all scopes...
2025-09-22 23:48:27.654 [info] Got 0 sessions for ...
2025-09-22 23:48:27.654 [info] Getting sessions for all scopes...
2025-09-22 23:48:27.654 [info] Got 0 sessions for ...
2025-09-22 23:48:27.654 [info] Getting sessions for all scopes...
2025-09-22 23:48:27.654 [info] Got 0 sessions for ...
2025-09-22 23:48:27.654 [info] Getting sessions for all scopes...
2025-09-22 23:48:27.654 [info] Got 0 sessions for ...
2025-09-22 23:48:27.654 [info] Getting sessions for all scopes...
2025-09-22 23:48:27.654 [info] Got 0 sessions for ...
2025-09-22 23:48:27.868 [info] Getting sessions for all scopes...
2025-09-22 23:48:27.868 [info] Got 0 sessions for ...
2025-09-22 23:48:29.549 [info] Getting sessions for all scopes...
2025-09-22 23:48:29.549 [info] Got 0 sessions for ...
2025-09-22 23:48:29.549 [info] Getting sessions for all scopes...
2025-09-22 23:48:29.549 [info] Got 0 sessions for ...
2025-09-22 23:48:29.560 [info] Getting sessions for all scopes...
2025-09-22 23:48:29.560 [info] Got 0 sessions for ...
2025-09-22 23:48:43.386 [info] Logging in with 'any' account...
2025-09-22 23:48:43.386 [info] Logging in for the following scopes: user:email
2025-09-22 23:48:43.431 [info] Trying with local server... (user:email)
2025-09-22 23:48:48.030 [info] Exchanging code for token...
2025-09-22 23:48:48.591 [info] fetching: Electron fetch succeeded (JSON)
2025-09-22 23:48:48.591 [info] Token exchange success!
2025-09-22 23:48:48.591 [info] Getting user info...
2025-09-22 23:48:49.103 [info] Got account info!
2025-09-22 23:48:49.103 [info] Storing 1 sessions...
2025-09-22 23:48:49.106 [info] Reading sessions from keychain...
2025-09-22 23:48:49.106 [info] Stored 1 sessions!
2025-09-22 23:48:49.106 [info] Login success!
2025-09-22 23:48:49.107 [info] Getting sessions for all scopes...
2025-09-22 23:48:49.108 [info] Got stored sessions!
2025-09-22 23:48:49.108 [info] Got 1 verified sessions.
2025-09-22 23:48:49.108 [info] Got 1 sessions for ...
2025-09-22 23:48:49.108 [info] Getting sessions for all scopes...
2025-09-22 23:48:49.108 [info] Got 1 sessions for ...
2025-09-22 23:48:49.112 [info] Getting sessions for all scopes...
2025-09-22 23:48:49.112 [info] Got 1 sessions for ...
2025-09-22 23:49:01.255 [info] Getting sessions for all scopes...
2025-09-22 23:49:01.255 [info] Got 1 sessions for ...
2025-09-22 23:49:01.255 [info] Getting sessions for all scopes...
2025-09-22 23:49:01.255 [info] Got 1 sessions for ...
2025-09-22 23:49:01.608 [info] Getting sessions for read:user,repo,user:email,workflow...
2025-09-22 23:49:01.608 [info] Got 0 sessions for read:user,repo,user:email,workflow...
2025-09-22 23:49:01.610 [info] Getting sessions for all scopes...
2025-09-22 23:49:01.610 [info] Got 1 sessions for ...
2025-09-22 23:49:01.611 [info] Getting sessions for all scopes...
2025-09-22 23:49:01.611 [info] Got 1 sessions for ...
2025-09-22 23:49:01.611 [info] Getting sessions for read:user,repo,user:email,workflow...
2025-09-22 23:49:01.611 [info] Got 0 sessions for read:user,repo,user:email,workflow...
2025-09-22 23:49:01.613 [info] Getting sessions for user:email...
2025-09-22 23:49:01.613 [info] Got 1 sessions for user:email...
2025-09-22 23:49:01.613 [info] Getting sessions for read:user,repo,user:email,workflow...
2025-09-22 23:49:01.613 [info] Got 0 sessions for read:user,repo,user:email,workflow...
2025-09-22 23:49:01.614 [info] Getting sessions for all scopes...
2025-09-22 23:49:01.614 [info] Got 1 sessions for ...
2025-09-22 23:49:01.615 [info] Getting sessions for read:user...
2025-09-22 23:49:01.615 [info] Got 0 sessions for read:user...
2025-09-22 23:49:01.618 [info] Getting sessions for user:email...
2025-09-22 23:49:01.618 [info] Got 1 sessions for user:email...
2025-09-22 23:49:01.623 [info] Getting sessions for all scopes...
2025-09-22 23:49:01.623 [info] Got 1 sessions for ...
2025-09-22 23:49:01.673 [info] Getting sessions for read:user,repo,user:email,workflow...
2025-09-22 23:49:01.673 [info] Got 0 sessions for read:user,repo,user:email,workflow...
2025-09-22 23:49:01.673 [info] Getting sessions for user:email...
2025-09-22 23:49:01.673 [info] Got 1 sessions for user:email...
2025-09-22 23:49:01.674 [info] Getting sessions for all scopes...
2025-09-22 23:49:01.674 [info] Got 1 sessions for ...
2025-09-22 23:49:01.674 [info] Getting sessions for read:user,repo,user:email,workflow...
2025-09-22 23:49:01.674 [info] Got 0 sessions for read:user,repo,user:email,workflow...
2025-09-22 23:49:01.674 [info] Getting sessions for user:email...
2025-09-22 23:49:01.674 [info] Got 1 sessions for user:email...
2025-09-22 23:49:01.776 [info] Getting sessions for all scopes...
2025-09-22 23:49:01.776 [info] Got 1 sessions for ...
2025-09-22 23:49:01.781 [info] Getting sessions for read:user,repo,user:email,workflow...
2025-09-22 23:49:01.781 [info] Got 0 sessions for read:user,repo,user:email,workflow...
2025-09-22 23:49:01.782 [info] Getting sessions for user:email...
2025-09-22 23:49:01.782 [info] Got 1 sessions for user:email...
2025-09-22 23:49:02.153 [info] Getting sessions for all scopes...
2025-09-22 23:49:02.153 [info] Got 1 sessions for ...
2025-09-22 23:49:02.153 [info] Getting sessions for read:user,repo,user:email,workflow...
2025-09-22 23:49:02.153 [info] Got 0 sessions for read:user,repo,user:email,workflow...
2025-09-22 23:49:02.153 [info] Getting sessions for user:email...
2025-09-22 23:49:02.153 [info] Got 1 sessions for user:email...
2025-09-22 23:49:02.196 [info] Getting sessions for all scopes...
2025-09-22 23:49:02.196 [info] Got 1 sessions for ...
2025-09-22 23:49:02.196 [info] Getting sessions for all scopes...
2025-09-22 23:49:02.196 [info] Got 1 sessions for ...
2025-09-22 23:49:02.204 [info] Getting sessions for read:user,repo,user:email,workflow...
2025-09-22 23:49:02.204 [info] Got 0 sessions for read:user,repo,user:email,workflow...
2025-09-22 23:49:02.205 [info] Getting sessions for user:email...
2025-09-22 23:49:02.205 [info] Got 1 sessions for user:email...
2025-09-22 23:49:02.205 [info] Getting sessions for read:user,repo,user:email,workflow...
2025-09-22 23:49:02.205 [info] Got 0 sessions for read:user,repo,user:email,workflow...
2025-09-22 23:49:02.206 [info] Getting sessions for all scopes...
2025-09-22 23:49:02.206 [info] Got 1 sessions for ...
2025-09-22 23:49:02.207 [info] Getting sessions for read:user,repo,user:email,workflow...
2025-09-22 23:49:02.207 [info] Got 0 sessions for read:user,repo,user:email,workflow...
2025-09-22 23:49:02.208 [info] Getting sessions for user:email...
2025-09-22 23:49:02.208 [info] Got 1 sessions for user:email...
2025-09-22 23:49:02.314 [info] Getting sessions for all scopes...
2025-09-22 23:49:02.314 [info] Got 1 sessions for ...
2025-09-22 23:49:02.317 [info] Getting sessions for all scopes...
2025-09-22 23:49:02.317 [info] Got 1 sessions for ...
2025-09-22 23:49:02.326 [info] Getting sessions for read:user,repo,user:email,workflow...
2025-09-22 23:49:02.326 [info] Got 0 sessions for read:user,repo,user:email,workflow...
2025-09-22 23:49:02.327 [info] Getting sessions for user:email...
2025-09-22 23:49:02.327 [info] Got 1 sessions for user:email...
2025-09-22 23:49:02.327 [info] Getting sessions for read:user,repo,user:email,workflow...
2025-09-22 23:49:02.327 [info] Got 0 sessions for read:user,repo,user:email,workflow...
2025-09-22 23:49:02.329 [info] Getting sessions for all scopes...
2025-09-22 23:49:02.329 [info] Got 1 sessions for ...
2025-09-22 23:49:02.330 [info] Getting sessions for all scopes...
2025-09-22 23:49:02.330 [info] Got 1 sessions for ...
2025-09-22 23:49:02.330 [info] Getting sessions for all scopes...
2025-09-22 23:49:02.330 [info] Got 1 sessions for ...
2025-09-22 23:49:02.331 [info] Getting sessions for read:user,repo,user:email,workflow...
2025-09-22 23:49:02.331 [info] Got 0 sessions for read:user,repo,user:email,workflow...
2025-09-22 23:49:02.332 [info] Getting sessions for user:email...
2025-09-22 23:49:02.332 [info] Got 1 sessions for user:email...
2025-09-22 23:49:03.459 [info] Getting sessions for all scopes...
2025-09-22 23:49:03.459 [info] Got 1 sessions for ...
2025-09-22 23:49:03.460 [info] Getting sessions for read:user,repo,user:email,workflow...
2025-09-22 23:49:03.460 [info] Got 0 sessions for read:user,repo,user:email,workflow...
2025-09-22 23:49:03.461 [info] Getting sessions for user:email...
2025-09-22 23:49:03.461 [info] Got 1 sessions for user:email...
2025-09-22 23:49:03.760 [info] Getting sessions for all scopes...
2025-09-22 23:49:03.760 [info] Got 1 sessions for ...
2025-09-22 23:49:08.471 [info] Getting sessions for all scopes...
2025-09-22 23:49:08.471 [info] Got 1 sessions for ...
2025-09-22 23:49:08.474 [info] Getting sessions for read:user,repo,user:email,workflow...
2025-09-22 23:49:08.474 [info] Got 0 sessions for read:user,repo,user:email,workflow...
2025-09-22 23:49:08.477 [info] Getting sessions for user:email...
2025-09-22 23:49:08.477 [info] Got 1 sessions for user:email...
2025-09-22 23:49:09.853 [info] Getting sessions for all scopes...
2025-09-22 23:49:09.853 [info] Got 1 sessions for ...
2025-09-22 23:49:09.855 [info] Getting sessions for read:user,repo,user:email,workflow...
2025-09-22 23:49:09.855 [info] Got 0 sessions for read:user,repo,user:email,workflow...
2025-09-22 23:49:09.856 [info] Getting sessions for user:email...
2025-09-22 23:49:09.856 [info] Got 1 sessions for user:email...
2025-09-22 23:49:11.189 [info] Getting sessions for all scopes...
2025-09-22 23:49:11.189 [info] Got 1 sessions for ...
2025-09-22 23:49:11.192 [info] Getting sessions for read:user,repo,user:email,workflow...
2025-09-22 23:49:11.192 [info] Got 0 sessions for read:user,repo,user:email,workflow...
2025-09-22 23:49:11.194 [info] Getting sessions for user:email...
2025-09-22 23:49:11.194 [info] Got 1 sessions for user:email...
2025-09-22 23:49:36.220 [info] Getting sessions for read:user,repo,user:email,workflow...
2025-09-22 23:49:36.220 [info] Got 0 sessions for read:user,repo,user:email,workflow...
2025-09-22 23:49:38.314 [info] Logging in with 'any' account...
2025-09-22 23:49:38.314 [info] Logging in for the following scopes: read:user repo user:email workflow
2025-09-22 23:49:38.322 [info] Trying with local server... (read:user repo user:email workflow)
2025-09-22 23:49:42.317 [info] Exchanging code for token...
2025-09-22 23:49:42.847 [info] Token exchange success!
2025-09-22 23:49:42.848 [info] Getting user info...
2025-09-22 23:49:43.388 [info] Got account info!
2025-09-22 23:49:43.388 [info] Storing 2 sessions...
2025-09-22 23:49:43.389 [info] Reading sessions from keychain...
2025-09-22 23:49:43.389 [info] Stored 2 sessions!
2025-09-22 23:49:43.389 [info] Login success!
2025-09-22 23:49:43.390 [info] Getting sessions for all scopes...
2025-09-22 23:49:43.391 [info] Got stored sessions!
2025-09-22 23:49:43.391 [info] Got 2 verified sessions.
2025-09-22 23:49:43.391 [info] Got 2 sessions for ...
2025-09-22 23:49:43.391 [info] Getting sessions for all scopes...
2025-09-22 23:49:43.391 [info] Got 2 sessions for ...
2025-09-22 23:49:43.391 [info] Getting sessions for all scopes...
2025-09-22 23:49:43.391 [info] Got 2 sessions for ...
2025-09-22 23:49:43.392 [info] Getting sessions for all scopes...
2025-09-22 23:49:43.392 [info] Got 2 sessions for ...
2025-09-22 23:49:43.393 [info] Getting sessions for all scopes...
2025-09-22 23:49:43.393 [info] Got 2 sessions for ...
2025-09-22 23:49:43.394 [info] Getting sessions for all scopes...
2025-09-22 23:49:43.394 [info] Got 2 sessions for ...
2025-09-22 23:49:43.396 [info] Getting sessions for all scopes...
2025-09-22 23:49:43.396 [info] Got 2 sessions for ...
2025-09-22 23:49:43.405 [info] Getting sessions for all scopes...
2025-09-22 23:49:43.405 [info] Got 2 sessions for ...
2025-09-22 23:49:43.406 [info] Getting sessions for read:user,repo,user:email,workflow...
2025-09-22 23:49:43.406 [info] Got 1 sessions for read:user,repo,user:email,workflow...
2025-09-22 23:49:43.420 [info] Getting sessions for read:user,repo,user:email,workflow...
2025-09-22 23:49:43.421 [info] Got 1 sessions for read:user,repo,user:email,workflow...
2025-09-22 23:49:43.423 [info] Getting sessions for all scopes...
2025-09-22 23:49:43.423 [info] Got 2 sessions for ...
2025-09-22 23:49:43.424 [info] Getting sessions for read:user,repo,user:email,workflow...
2025-09-22 23:49:43.424 [info] Got 1 sessions for read:user,repo,user:email,workflow...
2025-09-22 23:49:43.425 [info] Getting sessions for all scopes...
2025-09-22 23:49:43.425 [info] Got 2 sessions for ...
2025-09-22 23:49:43.426 [info] Getting sessions for read:user,repo,user:email,workflow...
2025-09-22 23:49:43.426 [info] Got 1 sessions for read:user,repo,user:email,workflow...
2025-09-22 23:49:43.947 [info] Getting sessions for all scopes...
2025-09-22 23:49:43.947 [info] Got 2 sessions for ...
2025-09-22 23:49:43.947 [info] Getting sessions for all scopes...
2025-09-22 23:49:43.947 [info] Got 2 sessions for ...
2025-09-22 23:49:43.948 [info] Getting sessions for read:user,repo,user:email,workflow...
2025-09-22 23:49:43.948 [info] Got 1 sessions for read:user,repo,user:email,workflow...
2025-09-22 23:49:43.950 [info] Getting sessions for all scopes...
2025-09-22 23:49:43.950 [info] Got 2 sessions for ...
2025-09-22 23:49:43.951 [info] Getting sessions for read:user,repo,user:email,workflow...
2025-09-22 23:49:43.951 [info] Got 1 sessions for read:user,repo,user:email,workflow...
2025-09-22 23:49:43.953 [info] Getting sessions for all scopes...
2025-09-22 23:49:43.953 [info] Got 2 sessions for ...
2025-09-22 23:49:43.953 [info] Getting sessions for read:user,repo,user:email,workflow...
2025-09-22 23:49:43.953 [info] Got 1 sessions for read:user,repo,user:email,workflow...
2025-09-22 23:49:58.989 [info] Getting sessions for read:user,repo,user:email,workflow...
2025-09-22 23:49:58.989 [info] Got 1 sessions for read:user,repo,user:email,workflow...
2025-09-22 23:50:05.733 [info] Reading sessions from keychain...
2025-09-22 23:50:05.733 [info] Got stored sessions!
2025-09-22 23:50:05.733 [info] Got 2 verified sessions.
2025-09-22 23:50:05.733 [info] Getting sessions for all scopes...
2025-09-22 23:50:05.733 [info] Got 2 sessions for ...
2025-09-22 23:50:05.733 [info] Getting sessions for all scopes...
2025-09-22 23:50:05.733 [info] Got 2 sessions for ...
2025-09-22 23:50:05.733 [info] Getting sessions for all scopes...
2025-09-22 23:50:05.733 [info] Got 2 sessions for ...
2025-09-22 23:50:05.733 [info] Getting sessions for all scopes...
2025-09-22 23:50:05.733 [info] Got 2 sessions for ...
2025-09-22 23:50:05.733 [info] Getting sessions for all scopes...
2025-09-22 23:50:05.733 [info] Got 2 sessions for ...
2025-09-22 23:50:05.733 [info] Getting sessions for all scopes...
2025-09-22 23:50:05.733 [info] Got 2 sessions for ...
2025-09-22 23:50:05.733 [info] Getting sessions for all scopes...
2025-09-22 23:50:05.733 [info] Got 2 sessions for ...
2025-09-22 23:50:05.733 [info] Getting sessions for all scopes...
2025-09-22 23:50:05.733 [info] Got 2 sessions for ...
2025-09-22 23:50:05.733 [info] Getting sessions for all scopes...
2025-09-22 23:50:05.733 [info] Got 2 sessions for ...
2025-09-22 23:50:05.758 [info] Getting sessions for read:user,repo,user:email,workflow...
2025-09-22 23:50:05.758 [info] Got 1 sessions for read:user,repo,user:email,workflow...
2025-09-22 23:50:05.773 [info] Getting sessions for all scopes...
2025-09-22 23:50:05.773 [info] Got 2 sessions for ...
2025-09-22 23:50:05.775 [info] Getting sessions for all scopes...
2025-09-22 23:50:05.775 [info] Got 2 sessions for ...
2025-09-22 23:50:05.808 [info] Getting sessions for read:user,repo,user:email,workflow...
2025-09-22 23:50:05.808 [info] Got 1 sessions for read:user,repo,user:email,workflow...
2025-09-22 23:50:05.837 [info] Getting sessions for all scopes...
2025-09-22 23:50:05.837 [info] Got 2 sessions for ...
2025-09-22 23:50:05.842 [info] Getting sessions for read:user,repo,user:email,workflow...
2025-09-22 23:50:05.842 [info] Got 1 sessions for read:user,repo,user:email,workflow...
2025-09-22 23:50:07.043 [info] Getting sessions for all scopes...
2025-09-22 23:50:07.043 [info] Got 2 sessions for ...
2025-09-22 23:50:07.141 [info] Getting sessions for all scopes...
2025-09-22 23:50:07.141 [info] Got 2 sessions for ...
2025-09-22 23:50:07.238 [info] Getting sessions for read:user,repo,user:email,workflow...
2025-09-22 23:50:07.239 [info] Got 1 sessions for read:user,repo,user:email,workflow...
2025-09-22 23:50:07.507 [info] fetching: Electron fetch failed with status: 429 
2025-09-22 23:50:07.548 [info] Getting sessions for read:user,repo,user:email,workflow...
2025-09-22 23:50:07.548 [info] Got 1 sessions for read:user,repo,user:email,workflow...
2025-09-22 23:50:07.548 [info] Getting sessions for all scopes...
2025-09-22 23:50:07.548 [info] Got 2 sessions for ...
2025-09-22 23:50:07.552 [info] Getting sessions for read:user,repo,user:email,workflow...
2025-09-22 23:50:07.552 [info] Got 1 sessions for read:user,repo,user:email,workflow...
2025-09-22 23:50:07.552 [info] Getting sessions for all scopes...
2025-09-22 23:50:07.552 [info] Got 2 sessions for ...
2025-09-22 23:50:07.553 [info] Getting sessions for read:user,repo,user:email,workflow...
2025-09-22 23:50:07.553 [info] Got 1 sessions for read:user,repo,user:email,workflow...
2025-09-22 23:50:07.710 [info] Getting sessions for all scopes...
2025-09-22 23:50:07.710 [info] Got 2 sessions for ...
2025-09-22 23:50:07.712 [info] Getting sessions for read:user,repo,user:email,workflow...
2025-09-22 23:50:07.712 [info] Got 1 sessions for read:user,repo,user:email,workflow...
2025-09-22 23:50:07.825 [info] Getting sessions for all scopes...
2025-09-22 23:50:07.825 [info] Got 2 sessions for ...
2025-09-22 23:50:07.827 [info] Getting sessions for read:user,repo,user:email,workflow...
2025-09-22 23:50:07.827 [info] Got 1 sessions for read:user,repo,user:email,workflow...
2025-09-22 23:50:07.917 [info] Getting sessions for all scopes...
2025-09-22 23:50:07.917 [info] Got 2 sessions for ...
2025-09-22 23:50:07.918 [info] Getting sessions for read:user,repo,user:email,workflow...
2025-09-22 23:50:07.918 [info] Got 1 sessions for read:user,repo,user:email,workflow...
2025-09-22 23:50:07.919 [info] Getting sessions for all scopes...
2025-09-22 23:50:07.919 [info] Got 2 sessions for ...
2025-09-22 23:50:07.920 [info] Getting sessions for read:user,repo,user:email,workflow...
2025-09-22 23:50:07.920 [info] Got 1 sessions for read:user,repo,user:email,workflow...
2025-09-22 23:50:07.922 [info] Getting sessions for all scopes...
2025-09-22 23:50:07.922 [info] Got 2 sessions for ...
2025-09-22 23:50:07.922 [info] Getting sessions for read:user,repo,user:email,workflow...
2025-09-22 23:50:07.922 [info] Got 1 sessions for read:user,repo,user:email,workflow...
2025-09-22 23:50:07.923 [info] Getting sessions for all scopes...
2025-09-22 23:50:07.923 [info] Got 2 sessions for ...
2025-09-22 23:50:07.924 [info] Getting sessions for read:user,repo,user:email,workflow...
2025-09-22 23:50:07.924 [info] Got 1 sessions for read:user,repo,user:email,workflow...
2025-09-22 23:50:07.977 [info] Getting sessions for all scopes...
2025-09-22 23:50:07.977 [info] Got 2 sessions for ...
2025-09-22 23:50:07.977 [info] Getting sessions for read:user,repo,user:email,workflow...
2025-09-22 23:50:07.977 [info] Got 1 sessions for read:user,repo,user:email,workflow...
2025-09-22 23:50:08.158 [info] Getting sessions for all scopes...
2025-09-22 23:50:08.158 [info] Got 2 sessions for ...
2025-09-22 23:50:08.545 [info] fetching: Node fetch failed with status: 429 Too Many Requests
2025-09-22 23:50:09.505 [info] fetching: Node http/s failed with status: 429 Too Many Requests
2025-09-22 23:50:10.207 [info] Getting sessions for read:user,repo,user:email,workflow...
2025-09-22 23:50:10.207 [info] Got 1 sessions for read:user,repo,user:email,workflow...
2025-09-22 23:50:31.345 [info] Getting sessions for read:user,repo,user:email,workflow...
2025-09-22 23:50:31.345 [info] Got 1 sessions for read:user,repo,user:email,workflow...
2025-09-22 23:50:37.258 [info] Getting sessions for all scopes...
2025-09-22 23:50:37.258 [info] Got 2 sessions for ...
2025-09-22 23:50:37.264 [info] Getting sessions for read:user,repo,user:email,workflow...
2025-09-22 23:50:37.264 [info] Got 1 sessions for read:user,repo,user:email,workflow...
2025-09-22 23:51:30.389 [info] Getting sessions for all scopes...
2025-09-22 23:51:30.389 [info] Got 2 sessions for ...
2025-09-22 23:51:30.396 [info] Getting sessions for read:user,repo,user:email,workflow...
2025-09-22 23:51:30.396 [info] Got 1 sessions for read:user,repo,user:email,workflow...
2025-09-22 23:52:47.237 [info] Getting sessions for user:email...
2025-09-22 23:52:47.237 [info] Got 1 sessions for user:email...
2025-09-22 23:52:50.299 [info] Getting sessions for user:email...
2025-09-22 23:52:50.299 [info] Got 1 sessions for user:email...
