2025-09-23 20:26:27.277 [info] [main] Log level: Info
2025-09-23 20:26:27.277 [info] [main] Validating found git in: "git"
2025-09-23 20:26:27.277 [info] [main] Using git "2.43.0" from "git"
2025-09-23 20:26:27.277 [info] [Model][doInitialScan] Initial repository scan started
2025-09-23 20:26:27.277 [info] > git rev-parse --show-toplevel [6ms]
2025-09-23 20:26:27.277 [info] > git rev-parse --show-toplevel [4ms]
2025-09-23 20:26:27.277 [info] [Model][doInitialScan] Initial repository scan completed - repositories (0), closed repositories (0), parent repositories (1), unsafe repositories (0)
2025-09-23 20:26:34.222 [info] > git rev-parse --show-toplevel [104ms]
2025-09-23 20:26:34.294 [info] > git rev-parse --show-toplevel [16ms]
2025-09-23 20:35:24.757 [info] > git rev-parse --show-toplevel [3ms]
2025-09-23 20:35:24.938 [info] > git rev-parse --show-toplevel [4ms]
2025-09-23 20:35:27.786 [info] > git rev-parse --show-toplevel [9ms]
2025-09-23 20:35:40.308 [info] > git rev-parse --show-toplevel [3ms]
2025-09-23 20:35:45.092 [info] > git rev-parse --show-toplevel [11ms]
2025-09-23 20:35:55.643 [info] > git rev-parse --show-toplevel [7ms]
2025-09-23 20:37:01.890 [info] > git rev-parse --show-toplevel [5ms]
2025-09-23 20:37:05.259 [info] > git rev-parse --show-toplevel [7ms]
2025-09-23 20:37:06.397 [info] > git rev-parse --show-toplevel [5ms]
2025-09-23 20:37:08.371 [info] > git rev-parse --show-toplevel [7ms]
2025-09-23 20:37:10.037 [info] > git rev-parse --show-toplevel [6ms]
2025-09-23 20:37:11.578 [info] > git rev-parse --show-toplevel [8ms]
2025-09-23 20:37:15.219 [info] > git rev-parse --show-toplevel [10ms]
2025-09-23 20:37:17.119 [info] > git rev-parse --show-toplevel [5ms]
2025-09-23 20:37:18.957 [info] > git rev-parse --show-toplevel [5ms]
2025-09-23 20:37:20.543 [info] > git rev-parse --show-toplevel [8ms]
2025-09-23 20:37:21.986 [info] > git rev-parse --show-toplevel [3ms]
2025-09-23 20:39:02.744 [info] > git rev-parse --show-toplevel [8ms]
2025-09-23 20:39:28.544 [info] > git rev-parse --show-toplevel [9ms]
2025-09-23 20:44:45.976 [info] > git rev-parse --show-toplevel [6ms]
2025-09-23 20:44:48.187 [info] > git rev-parse --show-toplevel [8ms]
2025-09-23 20:44:49.746 [info] > git rev-parse --show-toplevel [9ms]
