2025-09-23 20:24:16.946 [info] [main] Log level: Info
2025-09-23 20:24:16.946 [info] [main] Validating found git in: "git"
2025-09-23 20:24:16.946 [info] [main] Using git "2.43.0" from "git"
2025-09-23 20:24:16.946 [info] [Model][doInitialScan] Initial repository scan started
2025-09-23 20:24:16.946 [info] > git rev-parse --show-toplevel [267ms]
2025-09-23 20:24:16.946 [info] fatal: not a git repository (or any of the parent directories): .git
2025-09-23 20:24:16.946 [info] > git rev-parse --show-toplevel [152ms]
2025-09-23 20:24:17.152 [info] > git rev-parse --git-dir --git-common-dir --show-superproject-working-tree [191ms]
2025-09-23 20:24:17.195 [info] [Model][openRepository] Opened repository (path): /home/ph11/Documents/xusux
2025-09-23 20:24:17.195 [info] [Model][openRepository] Opened repository (real path): /home/ph11/Documents/xusux
2025-09-23 20:24:17.195 [info] [Model][openRepository] Opened repository (kind): repository
2025-09-23 20:24:24.251 [info] > git rev-parse --show-toplevel [116ms]
2025-09-23 20:24:24.253 [info] > git config --get commit.template [135ms]
2025-09-23 20:24:24.609 [info] > git rev-parse --git-dir --git-common-dir --show-superproject-working-tree [297ms]
2025-09-23 20:24:24.619 [info] [Model][openRepository] Opened repository (path): /home/ph11/Documents/HospitalFullStack
2025-09-23 20:24:24.619 [info] [Model][openRepository] Opened repository (real path): /home/ph11/Documents/HospitalFullStack
2025-09-23 20:24:24.619 [info] [Model][openRepository] Opened repository (kind): repository
2025-09-23 20:24:24.999 [info] > git for-each-ref --format=%(refname)%00%(upstream:short)%00%(objectname)%00%(upstream:track)%00%(upstream:remotename)%00%(upstream:remoteref) refs/heads/master refs/remotes/master [402ms]
2025-09-23 20:24:25.572 [warning] [Git][revParse] Unable to read file: ENOENT: no such file or directory, open '/home/ph11/Documents/xusux/.git/refs/remotes/origin/master'
2025-09-23 20:24:25.579 [info] > git check-ignore -v -z --stdin [560ms]
2025-09-23 20:24:25.581 [info] > git rev-parse --show-toplevel [587ms]
2025-09-23 20:24:25.582 [info] > git config --get commit.template [606ms]
2025-09-23 20:24:27.038 [info] > git rev-parse refs/remotes/origin/master [1467ms]
2025-09-23 20:24:27.202 [info] > git check-ignore -v -z --stdin [115ms]
2025-09-23 20:24:27.204 [info] > git check-ignore -v -z --stdin [103ms]
2025-09-23 20:24:27.205 [info] > git for-each-ref --sort -committerdate --format %(refname)%00%(objectname)%00%(*objectname) [136ms]
2025-09-23 20:24:27.213 [info] > git rev-parse --git-dir --git-common-dir --show-superproject-working-tree [255ms]
2025-09-23 20:24:27.221 [info] [Model][openRepository] Opened repository (path): /home/ph11/Documents/PTDANPM-N3
2025-09-23 20:24:27.221 [info] [Model][openRepository] Opened repository (real path): /home/ph11/Documents/PTDANPM-N3
2025-09-23 20:24:27.221 [info] [Model][openRepository] Opened repository (kind): repository
2025-09-23 20:24:27.262 [info] > git for-each-ref --format=%(refname)%00%(upstream:short)%00%(objectname)%00%(upstream:track)%00%(upstream:remotename)%00%(upstream:remoteref) refs/heads/main refs/remotes/main [72ms]
2025-09-23 20:24:27.287 [warning] [Git][revParse] Unable to read file: ENOENT: no such file or directory, open '/home/ph11/Documents/HospitalFullStack/.git/refs/remotes/origin/main'
2025-09-23 20:24:27.288 [info] > git rev-parse --show-toplevel [33ms]
2025-09-23 20:24:27.289 [info] > git config --get commit.template [49ms]
2025-09-23 20:24:27.330 [info] > git rev-parse refs/remotes/origin/main [43ms]
2025-09-23 20:24:27.491 [info] > git for-each-ref --sort -committerdate --format %(refname)%00%(objectname)%00%(*objectname) [114ms]
2025-09-23 20:24:27.492 [info] > git rev-parse --show-toplevel [173ms]
2025-09-23 20:24:27.597 [info] > git status -z -uall [542ms]
2025-09-23 20:24:27.598 [info] > git rev-parse --show-toplevel [81ms]
2025-09-23 20:24:27.674 [info] > git for-each-ref --format=%(refname)%00%(upstream:short)%00%(objectname)%00%(upstream:track)%00%(upstream:remotename)%00%(upstream:remoteref) refs/heads/main refs/remotes/main [186ms]
2025-09-23 20:24:27.743 [warning] [Git][revParse] Unable to read file: ENOENT: no such file or directory, open '/home/ph11/Documents/PTDANPM-N3/.git/refs/remotes/origin/main'
2025-09-23 20:24:27.745 [info] > git for-each-ref --format=%(refname)%00%(upstream:short)%00%(objectname)%00%(upstream:track)%00%(upstream:remotename)%00%(upstream:remoteref) refs/heads/master refs/remotes/master [78ms]
2025-09-23 20:24:28.066 [info] > git config --get --local branch.master.vscode-merge-base [299ms]
2025-09-23 20:24:28.088 [info] > git rev-parse refs/remotes/origin/main [345ms]
2025-09-23 20:24:28.146 [info] > git config --get commit.template [424ms]
2025-09-23 20:24:28.149 [info] > git rev-parse --show-toplevel [447ms]
2025-09-23 20:24:28.149 [info] fatal: not a git repository (or any of the parent directories): .git
2025-09-23 20:24:28.264 [info] > git status -z -uall [910ms]
2025-09-23 20:24:28.264 [info] > git check-ignore -v -z --stdin [84ms]
2025-09-23 20:24:28.264 [info] > git check-ignore -v -z --stdin [55ms]
2025-09-23 20:24:28.265 [info] > git check-ignore -v -z --stdin [33ms]
2025-09-23 20:24:28.266 [info] > git for-each-ref --sort -committerdate --format %(refname)%00%(objectname)%00%(*objectname) [121ms]
2025-09-23 20:24:28.267 [info] > git for-each-ref --format=%(refname)%00%(upstream:short)%00%(objectname)%00%(upstream:track)%00%(upstream:remotename)%00%(upstream:remoteref) refs/heads/origin/master refs/remotes/origin/master [180ms]
2025-09-23 20:24:28.393 [info] > git for-each-ref --format=%(refname)%00%(upstream:short)%00%(objectname)%00%(upstream:track)%00%(upstream:remotename)%00%(upstream:remoteref) refs/heads/main refs/remotes/main [77ms]
2025-09-23 20:24:28.420 [info] > git merge-base refs/heads/master refs/remotes/origin/master [135ms]
2025-09-23 20:24:28.446 [info] > git rev-parse --show-toplevel [185ms]
2025-09-23 20:24:28.446 [info] fatal: not a git repository (or any of the parent directories): .git
2025-09-23 20:24:28.504 [info] > git diff --name-status -z --diff-filter=ADMR f85b14c84523e5644553b53ac382d79f9a6cb801...refs/remotes/origin/master [59ms]
2025-09-23 20:24:28.505 [info] > git config --get --local branch.main.vscode-merge-base [86ms]
2025-09-23 20:24:28.528 [info] > git config --get commit.template [141ms]
2025-09-23 20:24:28.528 [info] > git for-each-ref --format=%(refname)%00%(upstream:short)%00%(objectname)%00%(upstream:track)%00%(upstream:remotename)%00%(upstream:remoteref) refs/heads/master refs/remotes/master [177ms]
2025-09-23 20:24:28.558 [warning] [Git][revParse] Unable to read file: ENOENT: no such file or directory, open '/home/ph11/Documents/xusux/.git/refs/remotes/origin/master'
2025-09-23 20:24:28.589 [info] > git for-each-ref --format=%(refname)%00%(upstream:short)%00%(objectname)%00%(upstream:track)%00%(upstream:remotename)%00%(upstream:remoteref) refs/heads/origin/main refs/remotes/origin/main [62ms]
2025-09-23 20:24:28.613 [info] > git rev-parse --show-toplevel [135ms]
2025-09-23 20:24:28.613 [info] fatal: not a git repository (or any of the parent directories): .git
2025-09-23 20:24:28.694 [info] > git merge-base refs/heads/main refs/remotes/origin/main [82ms]
2025-09-23 20:24:28.713 [info] > git rev-parse refs/remotes/origin/master [156ms]
2025-09-23 20:24:28.868 [info] > git for-each-ref --sort -committerdate --format %(refname)%00%(objectname)%00%(*objectname) [115ms]
2025-09-23 20:24:28.869 [info] > git diff --name-status -z --diff-filter=ADMR d09389ae0dea8b5506be75b9699579db0f5ad2f1...refs/remotes/origin/main [157ms]
2025-09-23 20:24:28.870 [info] > git rev-parse --show-toplevel [184ms]
2025-09-23 20:24:28.870 [info] fatal: not a git repository (or any of the parent directories): .git
2025-09-23 20:24:28.870 [info] > git for-each-ref --format=%(refname)%00%(upstream:short)%00%(objectname)%00%(upstream:track)%00%(upstream:remotename)%00%(upstream:remoteref) refs/heads/main refs/remotes/main [207ms]
2025-09-23 20:24:28.924 [warning] [Git][revParse] Unable to read file: ENOENT: no such file or directory, open '/home/ph11/Documents/HospitalFullStack/.git/refs/remotes/origin/main'
2025-09-23 20:24:29.007 [info] > git rev-parse refs/remotes/origin/main [82ms]
2025-09-23 20:24:29.050 [info] > git rev-parse --show-toplevel [147ms]
2025-09-23 20:24:29.050 [info] fatal: not a git repository (or any of the parent directories): .git
2025-09-23 20:24:29.222 [info] > git for-each-ref --sort -committerdate --format %(refname)%00%(objectname)%00%(*objectname) [173ms]
2025-09-23 20:24:29.248 [info] > git rev-parse --show-toplevel [149ms]
2025-09-23 20:24:29.248 [info] fatal: not a git repository (or any of the parent directories): .git
2025-09-23 20:24:29.324 [info] > git status -z -uall [592ms]
2025-09-23 20:24:29.324 [info] > git status -z -uall [296ms]
2025-09-23 20:24:29.351 [info] > git rev-parse --show-toplevel [29ms]
2025-09-23 20:24:29.462 [info] > git rev-parse --show-toplevel [22ms]
2025-09-23 20:24:29.526 [info] > git rev-parse --show-toplevel [44ms]
2025-09-23 20:24:29.651 [info] > git rev-parse --show-toplevel [63ms]
2025-09-23 20:24:29.724 [info] > git rev-parse --show-toplevel [58ms]
2025-09-23 20:24:29.767 [info] > git rev-parse --show-toplevel [8ms]
2025-09-23 20:24:29.797 [info] > git rev-parse --show-toplevel [8ms]
2025-09-23 20:24:30.184 [info] > git rev-parse --show-toplevel [365ms]
2025-09-23 20:24:30.304 [info] > git status -z -uall [2191ms]
2025-09-23 20:24:30.305 [info] > git rev-parse --show-toplevel [63ms]
2025-09-23 20:24:30.535 [info] > git for-each-ref --format=%(refname)%00%(upstream:short)%00%(objectname)%00%(upstream:track)%00%(upstream:remotename)%00%(upstream:remoteref) refs/heads/main refs/remotes/main [212ms]
2025-09-23 20:24:30.674 [info] > git config --get --local branch.main.vscode-merge-base [114ms]
2025-09-23 20:24:30.687 [info] > git config --get commit.template [154ms]
2025-09-23 20:24:30.687 [info] > git rev-parse --show-toplevel [177ms]
2025-09-23 20:24:30.711 [info] > git for-each-ref --format=%(refname)%00%(upstream:short)%00%(objectname)%00%(upstream:track)%00%(upstream:remotename)%00%(upstream:remoteref) refs/heads/origin/main refs/remotes/origin/main [24ms]
2025-09-23 20:24:30.737 [info] > git merge-base refs/heads/main refs/remotes/origin/main [13ms]
2025-09-23 20:24:30.747 [info] > git rev-parse --show-toplevel [38ms]
2025-09-23 20:24:30.773 [info] > git diff --name-status -z --diff-filter=ADMR 9ffff1d9b01f9f6131e29887caee14fee7f8aef9...refs/remotes/origin/main [26ms]
2025-09-23 20:24:30.774 [info] > git for-each-ref --format=%(refname)%00%(upstream:short)%00%(objectname)%00%(upstream:track)%00%(upstream:remotename)%00%(upstream:remoteref) refs/heads/main refs/remotes/main [38ms]
2025-09-23 20:24:30.793 [warning] [Git][revParse] Unable to read file: ENOENT: no such file or directory, open '/home/ph11/Documents/PTDANPM-N3/.git/refs/remotes/origin/main'
2025-09-23 20:24:30.799 [info] > git rev-parse --show-toplevel [35ms]
2025-09-23 20:24:30.826 [info] > git rev-parse refs/remotes/origin/main [33ms]
2025-09-23 20:24:30.874 [info] > git rev-parse --show-toplevel [49ms]
2025-09-23 20:24:30.904 [info] > git for-each-ref --sort -committerdate --format %(refname)%00%(objectname)%00%(*objectname) [39ms]
2025-09-23 20:24:30.911 [info] > git rev-parse --show-toplevel [8ms]
2025-09-23 20:24:30.932 [info] > git rev-parse --show-toplevel [4ms]
2025-09-23 20:24:30.950 [info] > git rev-parse --show-toplevel [2ms]
2025-09-23 20:24:30.967 [info] > git rev-parse --show-toplevel [3ms]
2025-09-23 20:24:30.985 [info] > git rev-parse --show-toplevel [3ms]
2025-09-23 20:24:31.005 [info] > git rev-parse --show-toplevel [4ms]
2025-09-23 20:24:31.025 [info] > git rev-parse --show-toplevel [4ms]
2025-09-23 20:24:31.058 [info] > git rev-parse --show-toplevel [3ms]
2025-09-23 20:24:31.063 [info] [Model][doInitialScan] Initial repository scan completed - repositories (3), closed repositories (0), parent repositories (0), unsafe repositories (0)
2025-09-23 20:24:31.112 [info] > git config --get commit.template [23ms]
2025-09-23 20:24:31.114 [info] > git config --get commit.template [6ms]
2025-09-23 20:24:31.196 [info] > git for-each-ref --format=%(refname)%00%(upstream:short)%00%(objectname)%00%(upstream:track)%00%(upstream:remotename)%00%(upstream:remoteref) refs/heads/main refs/remotes/main [62ms]
2025-09-23 20:24:31.220 [warning] [Git][revParse] Unable to read file: ENOENT: no such file or directory, open '/home/ph11/Documents/HospitalFullStack/.git/refs/remotes/origin/main'
2025-09-23 20:24:31.226 [info] > git for-each-ref --format=%(refname)%00%(upstream:short)%00%(objectname)%00%(upstream:track)%00%(upstream:remotename)%00%(upstream:remoteref) refs/heads/master refs/remotes/master [67ms]
2025-09-23 20:24:31.251 [warning] [Git][revParse] Unable to read file: ENOENT: no such file or directory, open '/home/ph11/Documents/xusux/.git/refs/remotes/origin/master'
2025-09-23 20:24:31.252 [info] > git rev-parse refs/remotes/origin/main [32ms]
2025-09-23 20:24:31.311 [info] > git for-each-ref --sort -committerdate --format %(refname)%00%(objectname)%00%(*objectname) [17ms]
2025-09-23 20:24:31.312 [info] > git rev-parse refs/remotes/origin/master [61ms]
2025-09-23 20:24:31.365 [info] > git for-each-ref --sort -committerdate --format %(refname)%00%(objectname)%00%(*objectname) [16ms]
2025-09-23 20:24:31.478 [info] > git status -z -uall [205ms]
2025-09-23 20:24:31.772 [info] > git status -z -uall [927ms]
2025-09-23 20:24:31.772 [info] > git status -z -uall [441ms]
2025-09-23 20:24:31.828 [info] > git config --get commit.template [13ms]
2025-09-23 20:24:31.853 [info] > git for-each-ref --format=%(refname)%00%(upstream:short)%00%(objectname)%00%(upstream:track)%00%(upstream:remotename)%00%(upstream:remoteref) refs/heads/main refs/remotes/main [4ms]
2025-09-23 20:24:31.874 [warning] [Git][revParse] Unable to read file: ENOENT: no such file or directory, open '/home/ph11/Documents/PTDANPM-N3/.git/refs/remotes/origin/main'
2025-09-23 20:24:31.878 [info] > git rev-parse refs/remotes/origin/main [4ms]
2025-09-23 20:24:31.928 [info] > git for-each-ref --sort -committerdate --format %(refname)%00%(objectname)%00%(*objectname) [6ms]
2025-09-23 20:24:32.710 [info] > git status -z -uall [811ms]
2025-09-23 20:35:24.691 [info] > git rev-parse --show-toplevel [4ms]
2025-09-23 20:35:24.692 [info] fatal: not a git repository (or any of the parent directories): .git
2025-09-23 20:35:24.876 [info] > git rev-parse --show-toplevel [8ms]
2025-09-23 20:35:24.876 [info] fatal: not a git repository (or any of the parent directories): .git
2025-09-23 20:35:40.320 [info] > git rev-parse --show-toplevel [3ms]
2025-09-23 20:35:40.320 [info] fatal: not a git repository (or any of the parent directories): .git
