2025-09-24 02:01:58.329 [info] Reading sessions from keychain...
2025-09-24 02:01:58.329 [info] Getting sessions for all scopes...
2025-09-24 02:01:58.329 [info] Got stored sessions!
2025-09-24 02:01:58.329 [info] Got 2 verified sessions.
2025-09-24 02:01:58.329 [info] Got 2 sessions for ...
2025-09-24 02:01:58.329 [info] Getting sessions for all scopes...
2025-09-24 02:01:58.329 [info] Got 2 sessions for ...
2025-09-24 02:01:58.329 [info] Getting sessions for all scopes...
2025-09-24 02:01:58.329 [info] Got 2 sessions for ...
2025-09-24 02:01:58.329 [info] Getting sessions for all scopes...
2025-09-24 02:01:58.329 [info] Got 2 sessions for ...
2025-09-24 02:01:58.329 [info] Getting sessions for all scopes...
2025-09-24 02:01:58.329 [info] Got 2 sessions for ...
2025-09-24 02:01:58.329 [info] Getting sessions for all scopes...
2025-09-24 02:01:58.329 [info] Got 2 sessions for ...
2025-09-24 02:01:58.329 [info] Getting sessions for all scopes...
2025-09-24 02:01:58.329 [info] Got 2 sessions for ...
2025-09-24 02:01:58.329 [info] Getting sessions for all scopes...
2025-09-24 02:01:58.329 [info] Got 2 sessions for ...
2025-09-24 02:01:58.329 [info] Getting sessions for all scopes...
2025-09-24 02:01:58.329 [info] Got 2 sessions for ...
2025-09-24 02:01:58.329 [info] Getting sessions for user:email...
2025-09-24 02:01:58.329 [info] Got 1 sessions for user:email...
2025-09-24 02:01:58.338 [info] Getting sessions for all scopes...
2025-09-24 02:01:58.339 [info] Got 2 sessions for ...
2025-09-24 02:01:58.340 [info] Getting sessions for all scopes...
2025-09-24 02:01:58.340 [info] Got 2 sessions for ...
2025-09-24 02:01:58.341 [info] Getting sessions for all scopes...
2025-09-24 02:01:58.341 [info] Got 2 sessions for ...
2025-09-24 02:01:58.342 [info] Getting sessions for all scopes...
2025-09-24 02:01:58.342 [info] Got 2 sessions for ...
2025-09-24 02:01:58.342 [info] Getting sessions for all scopes...
2025-09-24 02:01:58.343 [info] Got 2 sessions for ...
2025-09-24 02:01:58.343 [info] Getting sessions for all scopes...
2025-09-24 02:01:58.343 [info] Got 2 sessions for ...
2025-09-24 02:01:58.572 [info] Getting sessions for all scopes...
2025-09-24 02:01:58.572 [info] Got 2 sessions for ...
2025-09-24 02:02:02.402 [info] Getting sessions for all scopes...
2025-09-24 02:02:02.402 [info] Got 2 sessions for ...
2025-09-24 02:02:02.402 [info] Getting sessions for all scopes...
2025-09-24 02:02:02.402 [info] Got 2 sessions for ...
2025-09-24 02:02:02.402 [info] Getting sessions for all scopes...
2025-09-24 02:02:02.402 [info] Got 2 sessions for ...
2025-09-24 02:02:02.590 [info] fetching: Electron fetch failed with error: net::ERR_INTERNET_DISCONNECTED
2025-09-24 02:02:02.590 [info] Getting sessions for read:user,repo,user:email...
2025-09-24 02:02:02.591 [info] Got 0 sessions for read:user,repo,user:email...
2025-09-24 02:02:02.591 [info] Getting sessions for all scopes...
2025-09-24 02:02:02.591 [info] Got 2 sessions for ...
2025-09-24 02:02:02.591 [info] Getting sessions for all scopes...
2025-09-24 02:02:02.591 [info] Got 2 sessions for ...
2025-09-24 02:02:03.032 [info] fetching: Node fetch failed with error: fetch failed
2025-09-24 02:02:03.810 [info] fetching: Node http/s failed with error: getaddrinfo ENOTFOUND education.github.com
2025-09-24 02:02:03.901 [info] Getting sessions for read:user,repo,user:email,workflow...
2025-09-24 02:02:03.901 [info] Got 1 sessions for read:user,repo,user:email,workflow...
2025-09-24 02:02:03.915 [info] Getting sessions for all scopes...
2025-09-24 02:02:03.915 [info] Got 2 sessions for ...
2025-09-24 02:02:03.969 [info] Getting sessions for all scopes...
2025-09-24 02:02:03.969 [info] Got 2 sessions for ...
2025-09-24 02:02:03.970 [info] Getting sessions for read:user,repo,user:email,workflow...
2025-09-24 02:02:03.970 [info] Got 1 sessions for read:user,repo,user:email,workflow...
2025-09-24 02:02:03.986 [info] Getting sessions for all scopes...
2025-09-24 02:02:03.986 [info] Got 2 sessions for ...
2025-09-24 02:02:03.990 [info] Getting sessions for all scopes...
2025-09-24 02:02:03.990 [info] Got 2 sessions for ...
2025-09-24 02:02:04.173 [info] Getting sessions for read:user,repo,user:email,workflow...
2025-09-24 02:02:04.173 [info] Got 1 sessions for read:user,repo,user:email,workflow...
2025-09-24 02:02:04.179 [info] Getting sessions for user:email...
2025-09-24 02:02:04.179 [info] Got 1 sessions for user:email...
2025-09-24 02:02:04.179 [info] Getting sessions for all scopes...
2025-09-24 02:02:04.179 [info] Got 2 sessions for ...
2025-09-24 02:02:04.272 [info] Getting sessions for all scopes...
2025-09-24 02:02:04.272 [info] Got 2 sessions for ...
2025-09-24 02:02:04.325 [info] Getting sessions for all scopes...
2025-09-24 02:02:04.326 [info] Got 2 sessions for ...
2025-09-24 02:02:04.360 [info] Getting sessions for read:user,repo,user:email,workflow...
2025-09-24 02:02:04.360 [info] Got 1 sessions for read:user,repo,user:email,workflow...
2025-09-24 02:02:04.369 [info] Getting sessions for all scopes...
2025-09-24 02:02:04.369 [info] Got 2 sessions for ...
2025-09-24 02:02:04.373 [info] Getting sessions for read:user,repo,user:email,workflow...
2025-09-24 02:02:04.373 [info] Got 1 sessions for read:user,repo,user:email,workflow...
