2025-09-24 02:00:55.490 [info] Reading sessions from keychain...
2025-09-24 02:00:55.490 [info] Getting sessions for all scopes...
2025-09-24 02:00:55.490 [info] Got stored sessions!
2025-09-24 02:00:55.490 [info] Got 2 verified sessions.
2025-09-24 02:00:55.490 [info] Got 2 sessions for ...
2025-09-24 02:00:55.490 [info] Getting sessions for all scopes...
2025-09-24 02:00:55.490 [info] Got 2 sessions for ...
2025-09-24 02:00:55.490 [info] Getting sessions for all scopes...
2025-09-24 02:00:55.490 [info] Got 2 sessions for ...
2025-09-24 02:00:55.490 [info] Getting sessions for all scopes...
2025-09-24 02:00:55.490 [info] Got 2 sessions for ...
2025-09-24 02:00:55.490 [info] Getting sessions for user:email...
2025-09-24 02:00:55.490 [info] Got 1 sessions for user:email...
2025-09-24 02:00:55.490 [info] Getting sessions for all scopes...
2025-09-24 02:00:55.490 [info] Got 2 sessions for ...
2025-09-24 02:00:55.490 [info] Getting sessions for all scopes...
2025-09-24 02:00:55.490 [info] Got 2 sessions for ...
2025-09-24 02:00:55.490 [info] Getting sessions for all scopes...
2025-09-24 02:00:55.490 [info] Got 2 sessions for ...
2025-09-24 02:00:55.490 [info] Getting sessions for all scopes...
2025-09-24 02:00:55.490 [info] Got 2 sessions for ...
2025-09-24 02:00:55.490 [info] Getting sessions for all scopes...
2025-09-24 02:00:55.490 [info] Got 2 sessions for ...
2025-09-24 02:00:55.490 [info] Getting sessions for all scopes...
2025-09-24 02:00:55.490 [info] Got 2 sessions for ...
2025-09-24 02:00:55.550 [info] Getting sessions for all scopes...
2025-09-24 02:00:55.550 [info] Got 2 sessions for ...
2025-09-24 02:00:55.572 [info] Getting sessions for all scopes...
2025-09-24 02:00:55.572 [info] Got 2 sessions for ...
2025-09-24 02:00:55.572 [info] Getting sessions for all scopes...
2025-09-24 02:00:55.572 [info] Got 2 sessions for ...
2025-09-24 02:00:55.573 [info] Getting sessions for all scopes...
2025-09-24 02:00:55.573 [info] Got 2 sessions for ...
2025-09-24 02:00:55.574 [info] Getting sessions for all scopes...
2025-09-24 02:00:55.574 [info] Got 2 sessions for ...
2025-09-24 02:00:55.574 [info] Getting sessions for all scopes...
2025-09-24 02:00:55.574 [info] Got 2 sessions for ...
2025-09-24 02:00:59.838 [info] Getting sessions for all scopes...
2025-09-24 02:00:59.838 [info] Got 2 sessions for ...
2025-09-24 02:00:59.838 [info] Getting sessions for all scopes...
2025-09-24 02:00:59.838 [info] Got 2 sessions for ...
2025-09-24 02:00:59.839 [info] Getting sessions for all scopes...
2025-09-24 02:00:59.839 [info] Got 2 sessions for ...
2025-09-24 02:00:59.924 [info] Getting sessions for read:user,repo,user:email...
2025-09-24 02:00:59.924 [info] Got 0 sessions for read:user,repo,user:email...
2025-09-24 02:00:59.963 [info] fetching: Electron fetch failed with error: net::ERR_INTERNET_DISCONNECTED
2025-09-24 02:00:59.963 [info] Getting sessions for all scopes...
2025-09-24 02:00:59.963 [info] Got 2 sessions for ...
2025-09-24 02:00:59.964 [info] Getting sessions for all scopes...
2025-09-24 02:00:59.964 [info] Got 2 sessions for ...
2025-09-24 02:01:00.170 [info] fetching: Node fetch failed with error: fetch failed
2025-09-24 02:01:00.356 [info] Getting sessions for read:user,repo,user:email,workflow...
2025-09-24 02:01:00.356 [info] Got 1 sessions for read:user,repo,user:email,workflow...
2025-09-24 02:01:00.359 [info] fetching: Node http/s failed with error: getaddrinfo ENOTFOUND education.github.com
2025-09-24 02:01:00.695 [info] Getting sessions for all scopes...
2025-09-24 02:01:00.695 [info] Got 2 sessions for ...
2025-09-24 02:01:00.696 [info] Getting sessions for all scopes...
2025-09-24 02:01:00.696 [info] Got 2 sessions for ...
2025-09-24 02:01:00.696 [info] Getting sessions for all scopes...
2025-09-24 02:01:00.696 [info] Got 2 sessions for ...
2025-09-24 02:01:00.697 [info] Getting sessions for read:user,repo,user:email,workflow...
2025-09-24 02:01:00.697 [info] Got 1 sessions for read:user,repo,user:email,workflow...
2025-09-24 02:01:00.697 [info] Getting sessions for all scopes...
2025-09-24 02:01:00.697 [info] Got 2 sessions for ...
2025-09-24 02:01:00.705 [info] Getting sessions for read:user,repo,user:email,workflow...
2025-09-24 02:01:00.705 [info] Got 1 sessions for read:user,repo,user:email,workflow...
2025-09-24 02:01:00.705 [info] Getting sessions for user:email...
2025-09-24 02:01:00.705 [info] Got 1 sessions for user:email...
2025-09-24 02:01:00.705 [info] Getting sessions for all scopes...
2025-09-24 02:01:00.706 [info] Got 2 sessions for ...
2025-09-24 02:01:00.870 [info] Getting sessions for all scopes...
2025-09-24 02:01:00.870 [info] Got 2 sessions for ...
2025-09-24 02:01:00.898 [info] Getting sessions for read:user,repo,user:email,workflow...
2025-09-24 02:01:00.898 [info] Got 1 sessions for read:user,repo,user:email,workflow...
2025-09-24 02:01:00.898 [info] Getting sessions for all scopes...
2025-09-24 02:01:00.898 [info] Got 2 sessions for ...
2025-09-24 02:01:00.922 [info] Getting sessions for read:user,repo,user:email,workflow...
2025-09-24 02:01:00.922 [info] Got 1 sessions for read:user,repo,user:email,workflow...
2025-09-24 02:01:00.924 [info] Getting sessions for all scopes...
2025-09-24 02:01:00.924 [info] Got 2 sessions for ...
2025-09-24 02:01:00.927 [info] Getting sessions for read:user,repo,user:email,workflow...
2025-09-24 02:01:00.927 [info] Got 1 sessions for read:user,repo,user:email,workflow...
2025-09-24 02:01:06.162 [info] Getting sessions for all scopes...
2025-09-24 02:01:06.162 [info] Got 2 sessions for ...
2025-09-24 02:01:06.164 [info] Getting sessions for read:user,repo,user:email,workflow...
2025-09-24 02:01:06.164 [info] Got 1 sessions for read:user,repo,user:email,workflow...
2025-09-24 02:01:06.168 [info] Getting sessions for all scopes...
2025-09-24 02:01:06.168 [info] Got 2 sessions for ...
2025-09-24 02:01:06.171 [info] Getting sessions for read:user,repo,user:email,workflow...
2025-09-24 02:01:06.171 [info] Got 1 sessions for read:user,repo,user:email,workflow...
2025-09-24 02:01:10.225 [info] Getting sessions for read:user,repo,user:email...
2025-09-24 02:01:10.225 [info] Got 0 sessions for read:user,repo,user:email...
