2025-09-23 20:24:14.904 [info] Reading sessions from keychain...
2025-09-23 20:24:14.904 [info] Getting sessions for all scopes...
2025-09-23 20:24:14.904 [info] Got stored sessions!
2025-09-23 20:24:14.904 [info] Got 2 verified sessions.
2025-09-23 20:24:14.904 [info] Got 2 sessions for ...
2025-09-23 20:24:14.904 [info] Getting sessions for all scopes...
2025-09-23 20:24:14.904 [info] Got 2 sessions for ...
2025-09-23 20:24:14.904 [info] Getting sessions for all scopes...
2025-09-23 20:24:14.904 [info] Got 2 sessions for ...
2025-09-23 20:24:14.904 [info] Getting sessions for all scopes...
2025-09-23 20:24:14.904 [info] Got 2 sessions for ...
2025-09-23 20:24:14.904 [info] Getting sessions for user:email...
2025-09-23 20:24:14.904 [info] Got 1 sessions for user:email...
2025-09-23 20:24:14.904 [info] Getting sessions for all scopes...
2025-09-23 20:24:14.904 [info] Got 2 sessions for ...
2025-09-23 20:24:14.904 [info] Getting sessions for all scopes...
2025-09-23 20:24:14.904 [info] Got 2 sessions for ...
2025-09-23 20:24:14.904 [info] Getting sessions for all scopes...
2025-09-23 20:24:14.904 [info] Got 2 sessions for ...
2025-09-23 20:24:14.904 [info] Getting sessions for all scopes...
2025-09-23 20:24:14.904 [info] Got 2 sessions for ...
2025-09-23 20:24:14.904 [info] Getting sessions for all scopes...
2025-09-23 20:24:14.904 [info] Got 2 sessions for ...
2025-09-23 20:24:14.904 [info] Getting sessions for all scopes...
2025-09-23 20:24:14.904 [info] Got 2 sessions for ...
2025-09-23 20:24:14.904 [info] Getting sessions for all scopes...
2025-09-23 20:24:14.904 [info] Got 2 sessions for ...
2025-09-23 20:24:14.904 [info] Getting sessions for all scopes...
2025-09-23 20:24:14.904 [info] Got 2 sessions for ...
2025-09-23 20:24:14.904 [info] Getting sessions for all scopes...
2025-09-23 20:24:14.904 [info] Got 2 sessions for ...
2025-09-23 20:24:15.037 [info] Getting sessions for all scopes...
2025-09-23 20:24:15.037 [info] Got 2 sessions for ...
2025-09-23 20:24:15.037 [info] Getting sessions for all scopes...
2025-09-23 20:24:15.037 [info] Got 2 sessions for ...
2025-09-23 20:24:15.038 [info] Getting sessions for all scopes...
2025-09-23 20:24:15.038 [info] Got 2 sessions for ...
2025-09-23 20:24:15.038 [info] Getting sessions for all scopes...
2025-09-23 20:24:15.038 [info] Got 2 sessions for ...
2025-09-23 20:24:15.038 [info] Getting sessions for all scopes...
2025-09-23 20:24:15.038 [info] Got 2 sessions for ...
2025-09-23 20:24:15.523 [info] Getting sessions for all scopes...
2025-09-23 20:24:15.523 [info] Got 2 sessions for ...
2025-09-23 20:24:15.524 [info] Getting sessions for all scopes...
2025-09-23 20:24:15.524 [info] Got 2 sessions for ...
2025-09-23 20:24:15.525 [info] Getting sessions for all scopes...
2025-09-23 20:24:15.525 [info] Got 2 sessions for ...
2025-09-23 20:24:16.286 [info] Getting sessions for read:user,repo,user:email,workflow...
2025-09-23 20:24:16.286 [info] Got 1 sessions for read:user,repo,user:email,workflow...
2025-09-23 20:24:16.892 [info] Getting sessions for user:email...
2025-09-23 20:24:16.892 [info] Got 1 sessions for user:email...
2025-09-23 20:24:16.893 [info] Getting sessions for all scopes...
2025-09-23 20:24:16.893 [info] Got 2 sessions for ...
2025-09-23 20:24:24.207 [info] fetching: Electron fetch failed with status: 429 
2025-09-23 20:24:24.210 [info] Getting sessions for all scopes...
2025-09-23 20:24:24.210 [info] Got 2 sessions for ...
2025-09-23 20:24:25.596 [info] Getting sessions for read:user,repo,user:email,workflow...
2025-09-23 20:24:25.596 [info] Got 1 sessions for read:user,repo,user:email,workflow...
2025-09-23 20:24:27.223 [info] Getting sessions for all scopes...
2025-09-23 20:24:27.223 [info] Got 2 sessions for ...
2025-09-23 20:24:27.263 [info] Getting sessions for read:user,repo,user:email...
2025-09-23 20:24:27.263 [info] Got 0 sessions for read:user,repo,user:email...
2025-09-23 20:24:27.293 [info] Getting sessions for all scopes...
2025-09-23 20:24:27.293 [info] Got 2 sessions for ...
2025-09-23 20:24:27.293 [info] Getting sessions for read:user,repo,user:email,workflow...
2025-09-23 20:24:27.293 [info] Got 1 sessions for read:user,repo,user:email,workflow...
2025-09-23 20:24:27.294 [info] Getting sessions for all scopes...
2025-09-23 20:24:27.294 [info] Got 2 sessions for ...
2025-09-23 20:24:27.567 [info] fetching: Node fetch failed with status: 429 Too Many Requests
2025-09-23 20:24:27.770 [info] Getting sessions for read:user,repo,user:email,workflow...
2025-09-23 20:24:27.770 [info] Got 1 sessions for read:user,repo,user:email,workflow...
2025-09-23 20:24:28.324 [info] Getting sessions for read:user,repo,user:email,workflow...
2025-09-23 20:24:28.324 [info] Got 1 sessions for read:user,repo,user:email,workflow...
2025-09-23 20:24:29.139 [info] fetching: Node http/s failed with status: 429 Too Many Requests
2025-09-23 20:24:29.306 [info] Getting sessions for all scopes...
2025-09-23 20:24:29.306 [info] Got 2 sessions for ...
2025-09-23 20:24:29.306 [info] Getting sessions for all scopes...
2025-09-23 20:24:29.306 [info] Got 2 sessions for ...
2025-09-23 20:24:29.306 [info] Getting sessions for read:user,repo,user:email...
2025-09-23 20:24:29.306 [info] Got 0 sessions for read:user,repo,user:email...
2025-09-23 20:24:29.463 [info] Getting sessions for read:user,repo,user:email,workflow...
2025-09-23 20:24:29.463 [info] Got 1 sessions for read:user,repo,user:email,workflow...
2025-09-23 20:24:29.464 [info] Getting sessions for read:user,repo,user:email...
2025-09-23 20:24:29.464 [info] Got 0 sessions for read:user,repo,user:email...
2025-09-23 20:24:29.634 [info] Getting sessions for all scopes...
2025-09-23 20:24:29.634 [info] Got 2 sessions for ...
2025-09-23 20:24:29.652 [info] Getting sessions for read:user,repo,user:email...
2025-09-23 20:24:29.652 [info] Got 0 sessions for read:user,repo,user:email...
2025-09-23 20:24:30.222 [info] Getting sessions for read:user,repo,user:email,workflow...
2025-09-23 20:24:30.222 [info] Got 1 sessions for read:user,repo,user:email,workflow...
2025-09-23 20:24:30.693 [info] Getting sessions for all scopes...
2025-09-23 20:24:30.694 [info] Got 2 sessions for ...
2025-09-23 20:24:30.804 [info] Getting sessions for read:user,repo,user:email,workflow...
2025-09-23 20:24:30.805 [info] Got 1 sessions for read:user,repo,user:email,workflow...
2025-09-23 20:24:30.906 [info] Getting sessions for all scopes...
2025-09-23 20:24:30.906 [info] Got 2 sessions for ...
2025-09-23 20:24:30.930 [info] Getting sessions for all scopes...
2025-09-23 20:24:30.930 [info] Got 2 sessions for ...
2025-09-23 20:24:30.930 [info] Getting sessions for all scopes...
2025-09-23 20:24:30.930 [info] Got 2 sessions for ...
2025-09-23 20:24:30.965 [info] Getting sessions for read:user,repo,user:email,workflow...
2025-09-23 20:24:30.965 [info] Got 1 sessions for read:user,repo,user:email,workflow...
2025-09-23 20:24:30.985 [info] Getting sessions for all scopes...
2025-09-23 20:24:30.985 [info] Got 2 sessions for ...
2025-09-23 20:24:31.024 [info] Getting sessions for read:user,repo,user:email,workflow...
2025-09-23 20:24:31.024 [info] Got 1 sessions for read:user,repo,user:email,workflow...
2025-09-23 20:24:31.539 [info] Getting sessions for all scopes...
2025-09-23 20:24:31.539 [info] Got 2 sessions for ...
2025-09-23 20:24:31.548 [info] Getting sessions for read:user,repo,user:email,workflow...
2025-09-23 20:24:31.548 [info] Got 1 sessions for read:user,repo,user:email,workflow...
2025-09-23 20:24:31.829 [info] Getting sessions for all scopes...
2025-09-23 20:24:31.829 [info] Got 2 sessions for ...
2025-09-23 20:24:31.854 [info] Getting sessions for read:user,repo,user:email,workflow...
2025-09-23 20:24:31.854 [info] Got 1 sessions for read:user,repo,user:email,workflow...
2025-09-23 20:24:32.717 [info] Getting sessions for all scopes...
2025-09-23 20:24:32.717 [info] Got 2 sessions for ...
2025-09-23 20:24:32.720 [info] Getting sessions for read:user,repo,user:email,workflow...
2025-09-23 20:24:32.720 [info] Got 1 sessions for read:user,repo,user:email,workflow...
2025-09-23 20:24:32.783 [info] Getting sessions for all scopes...
2025-09-23 20:24:32.783 [info] Got 2 sessions for ...
2025-09-23 20:35:24.764 [info] Getting sessions for all scopes...
2025-09-23 20:35:24.764 [info] Got 2 sessions for ...
2025-09-23 20:35:25.037 [info] Getting sessions for all scopes...
2025-09-23 20:35:25.037 [info] Got 2 sessions for ...
