2025-09-23 20:26:27.115 [info] Reading sessions from keychain...
2025-09-23 20:26:27.115 [info] Getting sessions for all scopes...
2025-09-23 20:26:27.115 [info] Got stored sessions!
2025-09-23 20:26:27.115 [info] Got 2 verified sessions.
2025-09-23 20:26:27.115 [info] Got 2 sessions for ...
2025-09-23 20:26:27.115 [info] Getting sessions for all scopes...
2025-09-23 20:26:27.115 [info] Got 2 sessions for ...
2025-09-23 20:26:27.115 [info] Getting sessions for all scopes...
2025-09-23 20:26:27.115 [info] Got 2 sessions for ...
2025-09-23 20:26:27.115 [info] Getting sessions for all scopes...
2025-09-23 20:26:27.115 [info] Got 2 sessions for ...
2025-09-23 20:26:27.116 [info] Getting sessions for all scopes...
2025-09-23 20:26:27.116 [info] Got 2 sessions for ...
2025-09-23 20:26:27.116 [info] Getting sessions for all scopes...
2025-09-23 20:26:27.116 [info] Got 2 sessions for ...
2025-09-23 20:26:27.116 [info] Getting sessions for all scopes...
2025-09-23 20:26:27.116 [info] Got 2 sessions for ...
2025-09-23 20:26:27.116 [info] Getting sessions for all scopes...
2025-09-23 20:26:27.116 [info] Got 2 sessions for ...
2025-09-23 20:26:27.116 [info] Getting sessions for all scopes...
2025-09-23 20:26:27.116 [info] Got 2 sessions for ...
2025-09-23 20:26:27.116 [info] Getting sessions for user:email...
2025-09-23 20:26:27.116 [info] Got 1 sessions for user:email...
2025-09-23 20:26:27.116 [info] Getting sessions for all scopes...
2025-09-23 20:26:27.116 [info] Got 2 sessions for ...
2025-09-23 20:26:27.116 [info] Getting sessions for all scopes...
2025-09-23 20:26:27.116 [info] Got 2 sessions for ...
2025-09-23 20:26:27.116 [info] Getting sessions for all scopes...
2025-09-23 20:26:27.116 [info] Got 2 sessions for ...
2025-09-23 20:26:27.116 [info] Getting sessions for all scopes...
2025-09-23 20:26:27.116 [info] Got 2 sessions for ...
2025-09-23 20:26:27.116 [info] Getting sessions for all scopes...
2025-09-23 20:26:27.116 [info] Got 2 sessions for ...
2025-09-23 20:26:27.116 [info] Getting sessions for all scopes...
2025-09-23 20:26:27.116 [info] Got 2 sessions for ...
2025-09-23 20:26:27.116 [info] Getting sessions for all scopes...
2025-09-23 20:26:27.116 [info] Got 2 sessions for ...
2025-09-23 20:26:27.116 [info] Getting sessions for all scopes...
2025-09-23 20:26:27.116 [info] Got 2 sessions for ...
2025-09-23 20:26:27.116 [info] Getting sessions for all scopes...
2025-09-23 20:26:27.116 [info] Got 2 sessions for ...
2025-09-23 20:26:27.179 [info] Getting sessions for read:user,repo,user:email,workflow...
2025-09-23 20:26:27.179 [info] Got 1 sessions for read:user,repo,user:email,workflow...
2025-09-23 20:26:30.448 [info] Getting sessions for all scopes...
2025-09-23 20:26:30.448 [info] Got 2 sessions for ...
2025-09-23 20:26:30.448 [info] Getting sessions for all scopes...
2025-09-23 20:26:30.448 [info] Got 2 sessions for ...
2025-09-23 20:26:30.449 [info] Getting sessions for all scopes...
2025-09-23 20:26:30.449 [info] Got 2 sessions for ...
2025-09-23 20:26:32.813 [info] Getting sessions for all scopes...
2025-09-23 20:26:32.813 [info] Got 2 sessions for ...
2025-09-23 20:26:32.838 [info] Getting sessions for user:email...
2025-09-23 20:26:32.839 [info] Got 1 sessions for user:email...
2025-09-23 20:26:32.839 [info] Getting sessions for all scopes...
2025-09-23 20:26:32.839 [info] Got 2 sessions for ...
2025-09-23 20:26:32.853 [info] Getting sessions for read:user,repo,user:email...
2025-09-23 20:26:32.853 [info] Got 0 sessions for read:user,repo,user:email...
2025-09-23 20:26:33.991 [info] Getting sessions for read:user,repo,user:email,workflow...
2025-09-23 20:26:33.991 [info] Got 1 sessions for read:user,repo,user:email,workflow...
2025-09-23 20:26:34.002 [info] fetching: Electron fetch failed with status: 429 
2025-09-23 20:26:34.043 [info] Getting sessions for all scopes...
2025-09-23 20:26:34.043 [info] Got 2 sessions for ...
2025-09-23 20:26:34.224 [info] Getting sessions for all scopes...
2025-09-23 20:26:34.224 [info] Got 2 sessions for ...
2025-09-23 20:26:34.224 [info] Getting sessions for read:user,repo,user:email,workflow...
2025-09-23 20:26:34.224 [info] Got 1 sessions for read:user,repo,user:email,workflow...
2025-09-23 20:26:34.290 [info] Getting sessions for read:user,repo,user:email...
2025-09-23 20:26:34.290 [info] Got 0 sessions for read:user,repo,user:email...
2025-09-23 20:26:34.291 [info] Getting sessions for all scopes...
2025-09-23 20:26:34.291 [info] Got 2 sessions for ...
2025-09-23 20:26:34.314 [info] Getting sessions for all scopes...
2025-09-23 20:26:34.314 [info] Got 2 sessions for ...
2025-09-23 20:26:34.541 [info] Getting sessions for read:user,repo,user:email,workflow...
2025-09-23 20:26:34.541 [info] Got 1 sessions for read:user,repo,user:email,workflow...
2025-09-23 20:26:34.779 [info] Getting sessions for all scopes...
2025-09-23 20:26:34.779 [info] Got 2 sessions for ...
2025-09-23 20:26:34.804 [info] Getting sessions for read:user,repo,user:email,workflow...
2025-09-23 20:26:34.804 [info] Got 1 sessions for read:user,repo,user:email,workflow...
2025-09-23 20:26:35.249 [info] fetching: Node fetch failed with status: 429 Too Many Requests
2025-09-23 20:26:35.574 [info] Getting sessions for all scopes...
2025-09-23 20:26:35.574 [info] Got 2 sessions for ...
2025-09-23 20:26:35.575 [info] Getting sessions for all scopes...
2025-09-23 20:26:35.575 [info] Got 2 sessions for ...
2025-09-23 20:26:35.614 [info] Getting sessions for read:user,repo,user:email,workflow...
2025-09-23 20:26:35.614 [info] Got 1 sessions for read:user,repo,user:email,workflow...
2025-09-23 20:26:35.619 [info] Getting sessions for all scopes...
2025-09-23 20:26:35.619 [info] Got 2 sessions for ...
2025-09-23 20:26:35.623 [info] Getting sessions for read:user,repo,user:email,workflow...
2025-09-23 20:26:35.624 [info] Got 1 sessions for read:user,repo,user:email,workflow...
2025-09-23 20:26:35.979 [info] Getting sessions for all scopes...
2025-09-23 20:26:35.979 [info] Got 2 sessions for ...
2025-09-23 20:26:35.998 [info] Getting sessions for read:user,repo,user:email,workflow...
2025-09-23 20:26:35.998 [info] Got 1 sessions for read:user,repo,user:email,workflow...
2025-09-23 20:26:36.010 [info] Getting sessions for all scopes...
2025-09-23 20:26:36.010 [info] Got 2 sessions for ...
2025-09-23 20:26:36.011 [info] Getting sessions for all scopes...
2025-09-23 20:26:36.011 [info] Got 2 sessions for ...
2025-09-23 20:26:36.319 [info] fetching: Node http/s failed with status: 429 Too Many Requests
2025-09-23 20:26:36.858 [info] Getting sessions for all scopes...
2025-09-23 20:26:36.858 [info] Got 2 sessions for ...
2025-09-23 20:26:36.866 [info] Getting sessions for read:user,repo,user:email,workflow...
2025-09-23 20:26:36.866 [info] Got 1 sessions for read:user,repo,user:email,workflow...
2025-09-23 20:26:36.871 [info] Getting sessions for all scopes...
2025-09-23 20:26:36.872 [info] Got 2 sessions for ...
2025-09-23 20:26:36.876 [info] Getting sessions for read:user,repo,user:email,workflow...
2025-09-23 20:26:36.876 [info] Got 1 sessions for read:user,repo,user:email,workflow...
2025-09-23 20:26:38.954 [info] Getting sessions for all scopes...
2025-09-23 20:26:38.954 [info] Got 2 sessions for ...
2025-09-23 20:35:24.847 [info] Getting sessions for all scopes...
2025-09-23 20:35:24.847 [info] Got 2 sessions for ...
2025-09-23 20:35:25.111 [info] Getting sessions for all scopes...
2025-09-23 20:35:25.111 [info] Got 2 sessions for ...
2025-09-23 20:35:28.384 [info] Getting sessions for all scopes...
2025-09-23 20:35:28.384 [info] Got 2 sessions for ...
