2025-09-23 20:26:27.344 [info] [aebc6443-996d-45c2-90f0-388ff96faa56] Native Broker is only available on Windows
2025-09-23 20:26:32.840 [info] [getSessions] [all] starting
2025-09-23 20:26:32.840 [info] [getSessions] [all] returned 0 session(s)
2025-09-23 20:26:32.840 [info] [getSessions] [all] starting
2025-09-23 20:26:32.840 [info] [getSessions] [all] returned 0 session(s)
2025-09-23 20:26:32.840 [info] [getSessions] [all] starting
2025-09-23 20:26:32.840 [info] [getSessions] [all] returned 0 session(s)
2025-09-23 20:26:32.841 [info] [getSessions] [all] starting
2025-09-23 20:26:32.841 [info] [getSessions] [all] returned 0 session(s)
2025-09-23 20:26:33.203 [info] [getSessions] [499b84ac-1321-427f-aa17-267ca6975798/.default offline_access] starting
2025-09-23 20:26:33.203 [info] [aebc6443-996d-45c2-90f0-388ff96faa56] Native Broker is only available on Windows
2025-09-23 20:26:34.164 [info] [getSessions] [499b84ac-1321-427f-aa17-267ca6975798/.default offline_access] returned 0 session(s)
2025-09-23 20:26:35.575 [info] [getSessions] [499b84ac-1321-427f-aa17-267ca6975798/.default offline_access] starting
2025-09-23 20:26:35.575 [info] [getSessions] [499b84ac-1321-427f-aa17-267ca6975798/.default offline_access] returned 0 session(s)
2025-09-23 20:26:38.955 [info] [getSessions] [all] starting
2025-09-23 20:26:38.955 [info] [getSessions] [all] returned 0 session(s)
2025-09-23 20:35:24.848 [info] [getSessions] [all] starting
2025-09-23 20:35:24.848 [info] [getSessions] [all] returned 0 session(s)
2025-09-23 20:35:25.113 [info] [getSessions] [all] starting
2025-09-23 20:35:25.113 [info] [getSessions] [all] returned 0 session(s)
2025-09-23 20:35:28.384 [info] [getSessions] [all] starting
2025-09-23 20:35:28.384 [info] [getSessions] [all] returned 0 session(s)
