2025-09-23 10:50:15.934 [info] Reading sessions from keychain...
2025-09-23 10:50:15.935 [info] Getting sessions for all scopes...
2025-09-23 10:50:15.935 [info] Got stored sessions!
2025-09-23 10:50:15.935 [info] Got 2 verified sessions.
2025-09-23 10:50:15.935 [info] Got 2 sessions for ...
2025-09-23 10:50:15.935 [info] Getting sessions for all scopes...
2025-09-23 10:50:15.935 [info] Got 2 sessions for ...
2025-09-23 10:50:15.935 [info] Getting sessions for all scopes...
2025-09-23 10:50:15.935 [info] Got 2 sessions for ...
2025-09-23 10:50:15.935 [info] Getting sessions for all scopes...
2025-09-23 10:50:15.935 [info] Got 2 sessions for ...
2025-09-23 10:50:15.935 [info] Getting sessions for all scopes...
2025-09-23 10:50:15.935 [info] Got 2 sessions for ...
2025-09-23 10:50:15.935 [info] Getting sessions for all scopes...
2025-09-23 10:50:15.935 [info] Got 2 sessions for ...
2025-09-23 10:50:15.935 [info] Getting sessions for user:email...
2025-09-23 10:50:15.935 [info] Got 1 sessions for user:email...
2025-09-23 10:50:15.935 [info] Getting sessions for all scopes...
2025-09-23 10:50:15.935 [info] Got 2 sessions for ...
2025-09-23 10:50:15.935 [info] Getting sessions for all scopes...
2025-09-23 10:50:15.935 [info] Got 2 sessions for ...
2025-09-23 10:50:15.935 [info] Getting sessions for all scopes...
2025-09-23 10:50:15.935 [info] Got 2 sessions for ...
2025-09-23 10:50:15.935 [info] Getting sessions for all scopes...
2025-09-23 10:50:15.935 [info] Got 2 sessions for ...
2025-09-23 10:50:15.935 [info] Getting sessions for all scopes...
2025-09-23 10:50:15.935 [info] Got 2 sessions for ...
2025-09-23 10:50:15.935 [info] Getting sessions for all scopes...
2025-09-23 10:50:15.935 [info] Got 2 sessions for ...
2025-09-23 10:50:15.935 [info] Getting sessions for all scopes...
2025-09-23 10:50:15.935 [info] Got 2 sessions for ...
2025-09-23 10:50:15.935 [info] Getting sessions for all scopes...
2025-09-23 10:50:15.935 [info] Got 2 sessions for ...
2025-09-23 10:50:15.935 [info] Getting sessions for all scopes...
2025-09-23 10:50:15.935 [info] Got 2 sessions for ...
2025-09-23 10:50:15.935 [info] Getting sessions for all scopes...
2025-09-23 10:50:15.935 [info] Got 2 sessions for ...
2025-09-23 10:50:15.935 [info] Getting sessions for all scopes...
2025-09-23 10:50:15.935 [info] Got 2 sessions for ...
2025-09-23 10:50:15.935 [info] Getting sessions for all scopes...
2025-09-23 10:50:15.935 [info] Got 2 sessions for ...
2025-09-23 10:50:15.935 [info] Getting sessions for all scopes...
2025-09-23 10:50:15.935 [info] Got 2 sessions for ...
2025-09-23 10:50:15.935 [info] Getting sessions for all scopes...
2025-09-23 10:50:15.935 [info] Got 2 sessions for ...
2025-09-23 10:50:15.935 [info] Getting sessions for read:user,repo,user:email,workflow...
2025-09-23 10:50:15.935 [info] Got 1 sessions for read:user,repo,user:email,workflow...
2025-09-23 10:50:16.902 [info] Getting sessions for all scopes...
2025-09-23 10:50:16.902 [info] Got 2 sessions for ...
2025-09-23 10:50:16.905 [info] Getting sessions for user:email...
2025-09-23 10:50:16.905 [info] Got 1 sessions for user:email...
2025-09-23 10:50:16.931 [info] fetching: Electron fetch failed with status: 429 
2025-09-23 10:50:23.846 [info] Getting sessions for all scopes...
2025-09-23 10:50:23.846 [info] Got 2 sessions for ...
2025-09-23 10:50:24.479 [info] Getting sessions for read:user,repo,user:email,workflow...
2025-09-23 10:50:24.479 [info] Got 1 sessions for read:user,repo,user:email,workflow...
2025-09-23 10:50:25.895 [info] Getting sessions for all scopes...
2025-09-23 10:50:25.895 [info] Got 2 sessions for ...
2025-09-23 10:50:25.993 [info] Getting sessions for all scopes...
2025-09-23 10:50:25.993 [info] Got 2 sessions for ...
2025-09-23 10:50:25.993 [info] Getting sessions for read:user,repo,user:email,workflow...
2025-09-23 10:50:25.993 [info] Got 1 sessions for read:user,repo,user:email,workflow...
2025-09-23 10:50:26.071 [info] Getting sessions for all scopes...
2025-09-23 10:50:26.071 [info] Got 2 sessions for ...
2025-09-23 10:50:26.074 [info] Getting sessions for read:user,repo,user:email,workflow...
2025-09-23 10:50:26.074 [info] Got 1 sessions for read:user,repo,user:email,workflow...
2025-09-23 10:50:26.191 [info] fetching: Node fetch failed with status: 429 Too Many Requests
2025-09-23 10:50:26.572 [info] Getting sessions for read:user,repo,user:email,workflow...
2025-09-23 10:50:26.572 [info] Got 1 sessions for read:user,repo,user:email,workflow...
2025-09-23 10:50:27.333 [info] fetching: Node http/s failed with status: 429 Too Many Requests
2025-09-23 10:50:27.556 [info] Getting sessions for all scopes...
2025-09-23 10:50:27.556 [info] Got 2 sessions for ...
2025-09-23 10:50:27.556 [info] Getting sessions for all scopes...
2025-09-23 10:50:27.556 [info] Got 2 sessions for ...
2025-09-23 10:50:28.116 [info] Getting sessions for read:user,repo,user:email,workflow...
2025-09-23 10:50:28.116 [info] Got 1 sessions for read:user,repo,user:email,workflow...
2025-09-23 10:50:28.213 [info] Getting sessions for all scopes...
2025-09-23 10:50:28.213 [info] Got 2 sessions for ...
2025-09-23 10:50:28.227 [info] Getting sessions for read:user,repo,user:email,workflow...
2025-09-23 10:50:28.227 [info] Got 1 sessions for read:user,repo,user:email,workflow...
2025-09-23 10:50:28.424 [info] Getting sessions for all scopes...
2025-09-23 10:50:28.424 [info] Got 2 sessions for ...
2025-09-23 10:50:28.510 [info] Getting sessions for read:user,repo,user:email,workflow...
2025-09-23 10:50:28.510 [info] Got 1 sessions for read:user,repo,user:email,workflow...
2025-09-23 10:50:28.661 [info] Getting sessions for all scopes...
2025-09-23 10:50:28.661 [info] Got 2 sessions for ...
2025-09-23 10:50:28.687 [info] Getting sessions for all scopes...
2025-09-23 10:50:28.687 [info] Got 2 sessions for ...
2025-09-23 10:50:28.688 [info] Getting sessions for all scopes...
2025-09-23 10:50:28.688 [info] Got 2 sessions for ...
2025-09-23 10:50:28.750 [info] Getting sessions for read:user,repo,user:email,workflow...
2025-09-23 10:50:28.750 [info] Got 1 sessions for read:user,repo,user:email,workflow...
2025-09-23 10:50:29.427 [info] Getting sessions for all scopes...
2025-09-23 10:50:29.427 [info] Got 2 sessions for ...
2025-09-23 10:50:29.432 [info] Getting sessions for read:user,repo,user:email,workflow...
2025-09-23 10:50:29.432 [info] Got 1 sessions for read:user,repo,user:email,workflow...
2025-09-23 10:50:29.499 [info] Getting sessions for all scopes...
2025-09-23 10:50:29.499 [info] Got 2 sessions for ...
2025-09-23 10:50:29.502 [info] Getting sessions for read:user,repo,user:email,workflow...
2025-09-23 10:50:29.502 [info] Got 1 sessions for read:user,repo,user:email,workflow...
2025-09-23 10:50:29.891 [info] Getting sessions for all scopes...
2025-09-23 10:50:29.891 [info] Got 2 sessions for ...
2025-09-23 10:50:29.894 [info] Getting sessions for read:user,repo,user:email,workflow...
2025-09-23 10:50:29.894 [info] Got 1 sessions for read:user,repo,user:email,workflow...
2025-09-23 10:50:30.084 [info] Getting sessions for all scopes...
2025-09-23 10:50:30.084 [info] Got 2 sessions for ...
2025-09-23 12:03:55.524 [info] Getting sessions for read:user,repo,user:email...
2025-09-23 12:03:55.524 [info] Got 0 sessions for read:user,repo,user:email...
2025-09-23 12:03:55.687 [info] Getting sessions for read:user,repo,user:email...
2025-09-23 12:03:55.688 [info] Got 0 sessions for read:user,repo,user:email...
2025-09-23 12:03:55.801 [info] Getting sessions for read:user,repo,user:email...
2025-09-23 12:03:55.801 [info] Got 0 sessions for read:user,repo,user:email...
2025-09-23 12:03:55.911 [info] Getting sessions for read:user,repo,user:email...
2025-09-23 12:03:55.911 [info] Got 0 sessions for read:user,repo,user:email...
2025-09-23 12:03:56.161 [info] Getting sessions for read:user,repo,user:email...
2025-09-23 12:03:56.161 [info] Got 0 sessions for read:user,repo,user:email...
