2025-09-23 10:50:15.694 [info] [main] Log level: Info
2025-09-23 10:50:15.694 [info] [main] Validating found git in: "git"
2025-09-23 10:50:15.694 [info] [main] Using git "2.43.0" from "git"
2025-09-23 10:50:15.694 [info] [Model][doInitialScan] Initial repository scan started
2025-09-23 10:50:15.694 [info] > git rev-parse --show-toplevel [30ms]
2025-09-23 10:50:15.694 [info] > git rev-parse --git-dir --git-common-dir --show-superproject-working-tree [26ms]
2025-09-23 10:50:15.694 [info] [Model][openRepository] Opened repository (path): /home/ph11/Documents/PTDANPM-N3
2025-09-23 10:50:15.694 [info] [Model][openRepository] Opened repository (real path): /home/ph11/Documents/PTDANPM-N3
2025-09-23 10:50:15.694 [info] [Model][openRepository] Opened repository (kind): repository
2025-09-23 10:50:15.694 [info] > git config --get commit.template [35ms]
2025-09-23 10:50:15.694 [info] > git for-each-ref --format=%(refname)%00%(upstream:short)%00%(objectname)%00%(upstream:track)%00%(upstream:remotename)%00%(upstream:remoteref) refs/heads/main refs/remotes/main [8ms]
2025-09-23 10:50:15.694 [warning] [Git][revParse] Unable to read file: ENOENT: no such file or directory, open '/home/ph11/Documents/PTDANPM-N3/.git/refs/remotes/origin/main'
2025-09-23 10:50:15.824 [info] > git rev-parse refs/remotes/origin/main [229ms]
2025-09-23 10:50:15.867 [info] > git rev-parse --show-toplevel [286ms]
2025-09-23 10:50:23.054 [info] > git status -z -uall [7211ms]
2025-09-23 10:50:23.055 [info] > git for-each-ref --sort -committerdate --format %(refname)%00%(objectname)%00%(*objectname) [7188ms]
2025-09-23 10:50:23.214 [info] > git check-ignore -v -z --stdin [101ms]
2025-09-23 10:50:23.215 [info] > git for-each-ref --format=%(refname)%00%(upstream:short)%00%(objectname)%00%(upstream:track)%00%(upstream:remotename)%00%(upstream:remoteref) refs/heads/main refs/remotes/main [118ms]
2025-09-23 10:50:23.227 [info] > git rev-parse --show-toplevel [178ms]
2025-09-23 10:50:23.324 [info] > git config --get --local branch.main.vscode-merge-base [97ms]
2025-09-23 10:50:23.335 [info] > git config --get commit.template [122ms]
2025-09-23 10:50:23.361 [info] > git for-each-ref --format=%(refname)%00%(upstream:short)%00%(objectname)%00%(upstream:track)%00%(upstream:remotename)%00%(upstream:remoteref) refs/heads/origin/main refs/remotes/origin/main [27ms]
2025-09-23 10:50:23.381 [info] > git rev-parse --show-toplevel [101ms]
2025-09-23 10:50:23.610 [info] > git merge-base refs/heads/main refs/remotes/origin/main [231ms]
2025-09-23 10:50:23.643 [info] > git diff --name-status -z --diff-filter=ADMR 9ffff1d9b01f9f6131e29887caee14fee7f8aef9...refs/remotes/origin/main [23ms]
2025-09-23 10:50:23.644 [info] > git rev-parse --show-toplevel [35ms]
2025-09-23 10:50:23.644 [info] > git for-each-ref --format=%(refname)%00%(upstream:short)%00%(objectname)%00%(upstream:track)%00%(upstream:remotename)%00%(upstream:remoteref) refs/heads/main refs/remotes/main [251ms]
2025-09-23 10:50:24.230 [warning] [Git][revParse] Unable to read file: ENOENT: no such file or directory, open '/home/ph11/Documents/PTDANPM-N3/.git/refs/remotes/origin/main'
2025-09-23 10:50:24.248 [info] > git rev-parse refs/remotes/origin/main [18ms]
2025-09-23 10:50:24.279 [info] > git rev-parse --show-toplevel [61ms]
2025-09-23 10:50:24.298 [info] > git for-each-ref --sort -committerdate --format %(refname)%00%(objectname)%00%(*objectname) [20ms]
2025-09-23 10:50:24.309 [info] > git rev-parse --show-toplevel [11ms]
2025-09-23 10:50:24.620 [info] > git rev-parse --show-toplevel [274ms]
2025-09-23 10:50:24.654 [info] > git rev-parse --show-toplevel [4ms]
2025-09-23 10:50:25.040 [info] > git rev-parse --show-toplevel [366ms]
2025-09-23 10:50:25.212 [info] > git rev-parse --show-toplevel [92ms]
2025-09-23 10:50:25.353 [info] > git status -z -uall [1091ms]
2025-09-23 10:50:25.355 [info] > git rev-parse --show-toplevel [119ms]
2025-09-23 10:50:25.358 [info] [Model][doInitialScan] Initial repository scan completed - repositories (1), closed repositories (0), parent repositories (0), unsafe repositories (0)
2025-09-23 10:50:25.491 [info] > git config --get commit.template [79ms]
2025-09-23 10:50:25.593 [info] > git for-each-ref --format=%(refname)%00%(upstream:short)%00%(objectname)%00%(upstream:track)%00%(upstream:remotename)%00%(upstream:remoteref) refs/heads/main refs/remotes/main [51ms]
2025-09-23 10:50:25.621 [warning] [Git][revParse] Unable to read file: ENOENT: no such file or directory, open '/home/ph11/Documents/PTDANPM-N3/.git/refs/remotes/origin/main'
2025-09-23 10:50:25.646 [info] > git rev-parse refs/remotes/origin/main [26ms]
2025-09-23 10:50:25.738 [info] > git for-each-ref --sort -committerdate --format %(refname)%00%(objectname)%00%(*objectname) [48ms]
2025-09-23 10:50:26.688 [info] > git status -z -uall [1022ms]
2025-09-23 10:50:27.838 [info] > git check-ignore -v -z --stdin [14ms]
2025-09-23 10:53:10.350 [info] > git check-ignore -v -z --stdin [6ms]
2025-09-23 10:53:11.569 [info] > git config --get commit.template [10ms]
2025-09-23 10:53:11.581 [info] > git for-each-ref --format=%(refname)%00%(upstream:short)%00%(objectname)%00%(upstream:track)%00%(upstream:remotename)%00%(upstream:remoteref) refs/heads/main refs/remotes/main [13ms]
2025-09-23 10:53:11.594 [warning] [Git][revParse] Unable to read file: ENOENT: no such file or directory, open '/home/ph11/Documents/PTDANPM-N3/.git/refs/remotes/origin/main'
2025-09-23 10:53:11.595 [info] > git check-ignore -v -z --stdin [15ms]
2025-09-23 10:53:11.596 [info] > git rev-parse refs/remotes/origin/main [2ms]
2025-09-23 10:53:11.625 [info] > git for-each-ref --sort -committerdate --format %(refname)%00%(objectname)%00%(*objectname) [6ms]
2025-09-23 10:53:12.131 [info] > git status -z -uall [523ms]
2025-09-23 10:53:16.337 [info] > git check-ignore -v -z --stdin [5ms]
2025-09-23 10:53:17.162 [info] > git config --get commit.template [10ms]
2025-09-23 10:53:17.163 [info] > git for-each-ref --format=%(refname)%00%(upstream:short)%00%(objectname)%00%(upstream:track)%00%(upstream:remotename)%00%(upstream:remoteref) refs/heads/main refs/remotes/main [2ms]
2025-09-23 10:53:17.172 [warning] [Git][revParse] Unable to read file: ENOENT: no such file or directory, open '/home/ph11/Documents/PTDANPM-N3/.git/refs/remotes/origin/main'
2025-09-23 10:53:17.174 [info] > git rev-parse refs/remotes/origin/main [2ms]
2025-09-23 10:53:17.196 [info] > git for-each-ref --sort -committerdate --format %(refname)%00%(objectname)%00%(*objectname) [4ms]
2025-09-23 10:53:17.589 [info] > git status -z -uall [407ms]
2025-09-23 10:53:43.142 [info] > git config --get commit.template [11ms]
2025-09-23 10:53:43.142 [info] > git for-each-ref --format=%(refname)%00%(upstream:short)%00%(objectname)%00%(upstream:track)%00%(upstream:remotename)%00%(upstream:remoteref) refs/heads/main refs/remotes/main [1ms]
2025-09-23 10:53:43.152 [warning] [Git][revParse] Unable to read file: ENOENT: no such file or directory, open '/home/ph11/Documents/PTDANPM-N3/.git/refs/remotes/origin/main'
2025-09-23 10:53:43.154 [info] > git rev-parse refs/remotes/origin/main [2ms]
2025-09-23 10:53:43.177 [info] > git for-each-ref --sort -committerdate --format %(refname)%00%(objectname)%00%(*objectname) [3ms]
2025-09-23 10:53:43.592 [info] > git status -z -uall [430ms]
2025-09-23 10:55:49.074 [info] > git config --get commit.template [12ms]
2025-09-23 10:55:49.075 [info] > git for-each-ref --format=%(refname)%00%(upstream:short)%00%(objectname)%00%(upstream:track)%00%(upstream:remotename)%00%(upstream:remoteref) refs/heads/main refs/remotes/main [2ms]
2025-09-23 10:55:49.084 [warning] [Git][revParse] Unable to read file: ENOENT: no such file or directory, open '/home/ph11/Documents/PTDANPM-N3/.git/refs/remotes/origin/main'
2025-09-23 10:55:49.086 [info] > git rev-parse refs/remotes/origin/main [2ms]
2025-09-23 10:55:49.109 [info] > git for-each-ref --sort -committerdate --format %(refname)%00%(objectname)%00%(*objectname) [2ms]
2025-09-23 10:55:49.502 [info] > git status -z -uall [407ms]
2025-09-23 10:55:57.226 [info] > git show --textconv :.env [26ms]
2025-09-23 10:55:57.239 [info] > git ls-files --stage -- .env [14ms]
2025-09-23 10:55:57.265 [info] > git cat-file -s 7c83e55ce54fea49e09c0635eb936c63314c8e4f [6ms]
2025-09-23 10:56:07.726 [info] > git config --get commit.template [11ms]
2025-09-23 10:56:07.728 [info] > git for-each-ref --format=%(refname)%00%(upstream:short)%00%(objectname)%00%(upstream:track)%00%(upstream:remotename)%00%(upstream:remoteref) refs/heads/main refs/remotes/main [2ms]
2025-09-23 10:56:07.737 [warning] [Git][revParse] Unable to read file: ENOENT: no such file or directory, open '/home/ph11/Documents/PTDANPM-N3/.git/refs/remotes/origin/main'
2025-09-23 10:56:07.739 [info] > git rev-parse refs/remotes/origin/main [2ms]
2025-09-23 10:56:07.765 [info] > git for-each-ref --sort -committerdate --format %(refname)%00%(objectname)%00%(*objectname) [5ms]
2025-09-23 10:56:08.344 [info] > git status -z -uall [597ms]
2025-09-23 11:01:36.524 [info] > git blame --root --incremental 9ffff1d9b01f9f6131e29887caee14fee7f8aef9 -- .env [57ms]
2025-09-23 11:01:56.009 [info] > git config --get commit.template [12ms]
2025-09-23 11:01:56.010 [info] > git for-each-ref --format=%(refname)%00%(upstream:short)%00%(objectname)%00%(upstream:track)%00%(upstream:remotename)%00%(upstream:remoteref) refs/heads/main refs/remotes/main [2ms]
2025-09-23 11:01:56.022 [warning] [Git][revParse] Unable to read file: ENOENT: no such file or directory, open '/home/ph11/Documents/PTDANPM-N3/.git/refs/remotes/origin/main'
2025-09-23 11:01:56.024 [info] > git rev-parse refs/remotes/origin/main [2ms]
2025-09-23 11:01:56.048 [info] > git for-each-ref --sort -committerdate --format %(refname)%00%(objectname)%00%(*objectname) [2ms]
2025-09-23 11:01:56.486 [info] > git status -z -uall [452ms]
2025-09-23 11:07:27.833 [info] > git config --get commit.template [3ms]
2025-09-23 11:07:27.846 [info] > git for-each-ref --format=%(refname)%00%(upstream:short)%00%(objectname)%00%(upstream:track)%00%(upstream:remotename)%00%(upstream:remoteref) refs/heads/main refs/remotes/main [2ms]
2025-09-23 11:07:27.856 [warning] [Git][revParse] Unable to read file: ENOENT: no such file or directory, open '/home/ph11/Documents/PTDANPM-N3/.git/refs/remotes/origin/main'
2025-09-23 11:07:27.858 [info] > git rev-parse refs/remotes/origin/main [2ms]
2025-09-23 11:07:27.894 [info] > git for-each-ref --sort -committerdate --format %(refname)%00%(objectname)%00%(*objectname) [3ms]
2025-09-23 11:07:28.434 [info] > git status -z -uall [563ms]
2025-09-23 11:09:16.505 [info] > git config --get commit.template [22ms]
2025-09-23 11:09:16.506 [info] > git for-each-ref --format=%(refname)%00%(upstream:short)%00%(objectname)%00%(upstream:track)%00%(upstream:remotename)%00%(upstream:remoteref) refs/heads/main refs/remotes/main [2ms]
2025-09-23 11:09:16.520 [warning] [Git][revParse] Unable to read file: ENOENT: no such file or directory, open '/home/ph11/Documents/PTDANPM-N3/.git/refs/remotes/origin/main'
2025-09-23 11:09:16.522 [info] > git rev-parse refs/remotes/origin/main [2ms]
2025-09-23 11:09:16.553 [info] > git for-each-ref --sort -committerdate --format %(refname)%00%(objectname)%00%(*objectname) [4ms]
2025-09-23 11:09:16.981 [info] > git status -z -uall [447ms]
2025-09-23 11:09:20.058 [info] > git check-ignore -v -z --stdin [10ms]
2025-09-23 11:09:21.753 [info] > git check-ignore -v -z --stdin [6ms]
2025-09-23 11:09:22.009 [info] > git config --get commit.template [12ms]
2025-09-23 11:09:22.010 [info] > git for-each-ref --format=%(refname)%00%(upstream:short)%00%(objectname)%00%(upstream:track)%00%(upstream:remotename)%00%(upstream:remoteref) refs/heads/main refs/remotes/main [2ms]
2025-09-23 11:09:22.021 [warning] [Git][revParse] Unable to read file: ENOENT: no such file or directory, open '/home/ph11/Documents/PTDANPM-N3/.git/refs/remotes/origin/main'
2025-09-23 11:09:22.022 [info] > git rev-parse refs/remotes/origin/main [1ms]
2025-09-23 11:09:22.047 [info] > git for-each-ref --sort -committerdate --format %(refname)%00%(objectname)%00%(*objectname) [4ms]
2025-09-23 11:09:22.486 [info] > git status -z -uall [455ms]
2025-09-23 11:09:23.351 [info] > git show --textconv :database/seeders/DatabaseSeeder.php [24ms]
2025-09-23 11:09:23.362 [info] > git ls-files --stage -- database/seeders/DatabaseSeeder.php [12ms]
2025-09-23 11:09:23.388 [info] > git cat-file -s cb0bcca068236036cc881b03823a7e4a004fc2be [4ms]
2025-09-23 11:09:26.149 [info] > git blame --root --incremental 9ffff1d9b01f9f6131e29887caee14fee7f8aef9 -- database/seeders/DatabaseSeeder.php [23ms]
2025-09-23 11:10:28.977 [info] > git config --get commit.template [27ms]
2025-09-23 11:10:28.979 [info] > git for-each-ref --format=%(refname)%00%(upstream:short)%00%(objectname)%00%(upstream:track)%00%(upstream:remotename)%00%(upstream:remoteref) refs/heads/main refs/remotes/main [4ms]
2025-09-23 11:10:29.001 [warning] [Git][revParse] Unable to read file: ENOENT: no such file or directory, open '/home/ph11/Documents/PTDANPM-N3/.git/refs/remotes/origin/main'
2025-09-23 11:10:29.004 [info] > git rev-parse refs/remotes/origin/main [4ms]
2025-09-23 11:10:29.056 [info] > git for-each-ref --sort -committerdate --format %(refname)%00%(objectname)%00%(*objectname) [5ms]
2025-09-23 11:10:29.854 [info] > git status -z -uall [828ms]
2025-09-23 11:53:28.613 [info] > git config --get commit.template [21ms]
2025-09-23 11:53:28.614 [info] > git for-each-ref --format=%(refname)%00%(upstream:short)%00%(objectname)%00%(upstream:track)%00%(upstream:remotename)%00%(upstream:remoteref) refs/heads/main refs/remotes/main [3ms]
2025-09-23 11:53:28.635 [warning] [Git][revParse] Unable to read file: ENOENT: no such file or directory, open '/home/ph11/Documents/PTDANPM-N3/.git/refs/remotes/origin/main'
2025-09-23 11:53:28.639 [info] > git rev-parse refs/remotes/origin/main [4ms]
2025-09-23 11:53:28.689 [info] > git for-each-ref --sort -committerdate --format %(refname)%00%(objectname)%00%(*objectname) [4ms]
2025-09-23 11:53:29.162 [info] > git status -z -uall [502ms]
