2025-09-24 02:00:53.472 [info] [AutoSync] Using settings sync service https://vscode-sync.trafficmanager.net/
2025-09-24 02:00:53.472 [info] [AutoSync] Enabled.
2025-09-24 02:00:53.472 [info] [AutoSync] Suspended until auth token is available.
2025-09-24 02:00:55.596 [info] [AutoSync] Triggered by Interval
2025-09-24 02:00:55.596 [info] Sync started.
2025-09-24 02:00:56.066 [info] Request failed https://vscode-sync.trafficmanager.net/v1/manifest
2025-09-24 02:00:56.067 [error] RequestFailed (UserDataSyncError) syncResource:unknown operationId:unknown: Connection refused for the request 'https://vscode-sync.trafficmanager.net/v1/manifest'.
    at gu.D (file:///usr/share/code/resources/app/out/vs/code/electron-utility/sharedProcess/sharedProcessMain.js:102:23017)
    at async gu.manifest (file:///usr/share/code/resources/app/out/vs/code/electron-utility/sharedProcess/sharedProcessMain.js:102:20091)
    at async Ku.createSyncTask (file:///usr/share/code/resources/app/out/vs/code/electron-utility/sharedProcess/sharedProcessMain.js:102:134486)
    at async cd.I (file:///usr/share/code/resources/app/out/vs/code/electron-utility/sharedProcess/sharedProcessMain.js:109:9216)
    at async cd.H (file:///usr/share/code/resources/app/out/vs/code/electron-utility/sharedProcess/sharedProcessMain.js:109:8860)
2025-09-24 02:00:56.067 [error] RequestFailed (UserDataSyncError) syncResource:unknown operationId:unknown: Connection refused for the request 'https://vscode-sync.trafficmanager.net/v1/manifest'.
    at gu.D (file:///usr/share/code/resources/app/out/vs/code/electron-utility/sharedProcess/sharedProcessMain.js:102:23017)
    at async gu.manifest (file:///usr/share/code/resources/app/out/vs/code/electron-utility/sharedProcess/sharedProcessMain.js:102:20091)
    at async Ku.createSyncTask (file:///usr/share/code/resources/app/out/vs/code/electron-utility/sharedProcess/sharedProcessMain.js:102:134486)
    at async cd.I (file:///usr/share/code/resources/app/out/vs/code/electron-utility/sharedProcess/sharedProcessMain.js:109:9216)
    at async cd.H (file:///usr/share/code/resources/app/out/vs/code/electron-utility/sharedProcess/sharedProcessMain.js:109:8860)
2025-09-24 02:01:07.143 [info] [AutoSync] Triggered by Activity
2025-09-24 02:01:07.144 [info] Sync started.
2025-09-24 02:01:07.151 [info] Request failed https://vscode-sync.trafficmanager.net/v1/manifest
2025-09-24 02:01:07.151 [error] RequestFailed (UserDataSyncError) syncResource:unknown operationId:unknown: Connection refused for the request 'https://vscode-sync.trafficmanager.net/v1/manifest'.
    at gu.D (file:///usr/share/code/resources/app/out/vs/code/electron-utility/sharedProcess/sharedProcessMain.js:102:23017)
    at async gu.manifest (file:///usr/share/code/resources/app/out/vs/code/electron-utility/sharedProcess/sharedProcessMain.js:102:20091)
    at async Ku.createSyncTask (file:///usr/share/code/resources/app/out/vs/code/electron-utility/sharedProcess/sharedProcessMain.js:102:134486)
    at async cd.I (file:///usr/share/code/resources/app/out/vs/code/electron-utility/sharedProcess/sharedProcessMain.js:109:9216)
    at async cd.H (file:///usr/share/code/resources/app/out/vs/code/electron-utility/sharedProcess/sharedProcessMain.js:109:8860)
2025-09-24 02:01:07.152 [error] RequestFailed (UserDataSyncError) syncResource:unknown operationId:unknown: Connection refused for the request 'https://vscode-sync.trafficmanager.net/v1/manifest'.
    at gu.D (file:///usr/share/code/resources/app/out/vs/code/electron-utility/sharedProcess/sharedProcessMain.js:102:23017)
    at async gu.manifest (file:///usr/share/code/resources/app/out/vs/code/electron-utility/sharedProcess/sharedProcessMain.js:102:20091)
    at async Ku.createSyncTask (file:///usr/share/code/resources/app/out/vs/code/electron-utility/sharedProcess/sharedProcessMain.js:102:134486)
    at async cd.I (file:///usr/share/code/resources/app/out/vs/code/electron-utility/sharedProcess/sharedProcessMain.js:109:9216)
    at async cd.H (file:///usr/share/code/resources/app/out/vs/code/electron-utility/sharedProcess/sharedProcessMain.js:109:8860)
