2025-09-23 07:24:24.662 [info] Reading sessions from keychain...
2025-09-23 07:24:24.662 [info] Getting sessions for all scopes...
2025-09-23 07:24:24.662 [info] Got stored sessions!
2025-09-23 07:24:24.662 [info] Got 2 verified sessions.
2025-09-23 07:24:24.662 [info] Got 2 sessions for ...
2025-09-23 07:24:24.662 [info] Getting sessions for all scopes...
2025-09-23 07:24:24.662 [info] Got 2 sessions for ...
2025-09-23 07:24:24.662 [info] Getting sessions for all scopes...
2025-09-23 07:24:24.662 [info] Got 2 sessions for ...
2025-09-23 07:24:24.662 [info] Getting sessions for all scopes...
2025-09-23 07:24:24.662 [info] Got 2 sessions for ...
2025-09-23 07:24:24.662 [info] Getting sessions for all scopes...
2025-09-23 07:24:24.662 [info] Got 2 sessions for ...
2025-09-23 07:24:24.662 [info] Getting sessions for user:email...
2025-09-23 07:24:24.662 [info] Got 1 sessions for user:email...
2025-09-23 07:24:24.662 [info] Getting sessions for all scopes...
2025-09-23 07:24:24.662 [info] Got 2 sessions for ...
2025-09-23 07:24:24.662 [info] Getting sessions for all scopes...
2025-09-23 07:24:24.662 [info] Got 2 sessions for ...
2025-09-23 07:24:24.662 [info] Getting sessions for all scopes...
2025-09-23 07:24:24.662 [info] Got 2 sessions for ...
2025-09-23 07:24:24.662 [info] Getting sessions for all scopes...
2025-09-23 07:24:24.662 [info] Got 2 sessions for ...
2025-09-23 07:24:24.662 [info] Getting sessions for all scopes...
2025-09-23 07:24:24.662 [info] Got 2 sessions for ...
2025-09-23 07:24:24.662 [info] Getting sessions for all scopes...
2025-09-23 07:24:24.662 [info] Got 2 sessions for ...
2025-09-23 07:24:24.662 [info] Getting sessions for all scopes...
2025-09-23 07:24:24.662 [info] Got 2 sessions for ...
2025-09-23 07:24:24.662 [info] Getting sessions for all scopes...
2025-09-23 07:24:24.662 [info] Got 2 sessions for ...
2025-09-23 07:24:24.662 [info] Getting sessions for all scopes...
2025-09-23 07:24:24.662 [info] Got 2 sessions for ...
2025-09-23 07:24:24.662 [info] Getting sessions for all scopes...
2025-09-23 07:24:24.662 [info] Got 2 sessions for ...
2025-09-23 07:24:24.662 [info] Getting sessions for all scopes...
2025-09-23 07:24:24.662 [info] Got 2 sessions for ...
2025-09-23 07:24:24.662 [info] Getting sessions for all scopes...
2025-09-23 07:24:24.662 [info] Got 2 sessions for ...
2025-09-23 07:24:24.662 [info] Getting sessions for all scopes...
2025-09-23 07:24:24.662 [info] Got 2 sessions for ...
2025-09-23 07:24:25.120 [info] Getting sessions for read:user,repo,user:email,workflow...
2025-09-23 07:24:25.120 [info] Got 1 sessions for read:user,repo,user:email,workflow...
2025-09-23 07:24:25.263 [info] Getting sessions for all scopes...
2025-09-23 07:24:25.263 [info] Got 2 sessions for ...
2025-09-23 07:24:25.264 [info] Getting sessions for all scopes...
2025-09-23 07:24:25.264 [info] Got 2 sessions for ...
2025-09-23 07:24:25.265 [info] Getting sessions for all scopes...
2025-09-23 07:24:25.266 [info] Got 2 sessions for ...
2025-09-23 07:24:30.491 [info] Getting sessions for user:email...
2025-09-23 07:24:30.491 [info] Got 1 sessions for user:email...
2025-09-23 07:24:30.492 [info] Getting sessions for all scopes...
2025-09-23 07:24:30.492 [info] Got 2 sessions for ...
2025-09-23 07:24:31.353 [info] Getting sessions for all scopes...
2025-09-23 07:24:31.353 [info] Got 2 sessions for ...
2025-09-23 07:24:31.389 [info] Getting sessions for all scopes...
2025-09-23 07:24:31.389 [info] Got 2 sessions for ...
2025-09-23 07:24:31.389 [info] Getting sessions for read:user,repo,user:email,workflow...
2025-09-23 07:24:31.389 [info] Got 1 sessions for read:user,repo,user:email,workflow...
2025-09-23 07:24:31.445 [info] Getting sessions for all scopes...
2025-09-23 07:24:31.445 [info] Got 2 sessions for ...
2025-09-23 07:24:31.579 [info] Getting sessions for read:user,repo,user:email,workflow...
2025-09-23 07:24:31.579 [info] Got 1 sessions for read:user,repo,user:email,workflow...
2025-09-23 07:24:31.850 [info] Getting sessions for all scopes...
2025-09-23 07:24:31.850 [info] Got 2 sessions for ...
2025-09-23 07:24:32.006 [info] Getting sessions for read:user,repo,user:email,workflow...
2025-09-23 07:24:32.006 [info] Got 1 sessions for read:user,repo,user:email,workflow...
2025-09-23 07:24:32.104 [info] Getting sessions for read:user,repo,user:email,workflow...
2025-09-23 07:24:32.104 [info] Got 1 sessions for read:user,repo,user:email,workflow...
2025-09-23 07:24:35.106 [info] Getting sessions for all scopes...
2025-09-23 07:24:35.106 [info] Got 2 sessions for ...
2025-09-23 07:24:35.106 [info] Getting sessions for all scopes...
2025-09-23 07:24:35.106 [info] Got 2 sessions for ...
2025-09-23 07:24:35.271 [info] Getting sessions for read:user,repo,user:email,workflow...
2025-09-23 07:24:35.271 [info] Got 1 sessions for read:user,repo,user:email,workflow...
2025-09-23 07:24:35.291 [info] Getting sessions for all scopes...
2025-09-23 07:24:35.291 [info] Got 2 sessions for ...
2025-09-23 07:24:35.295 [info] Getting sessions for read:user,repo,user:email,workflow...
2025-09-23 07:24:35.295 [info] Got 1 sessions for read:user,repo,user:email,workflow...
2025-09-23 07:24:35.489 [info] Getting sessions for all scopes...
2025-09-23 07:24:35.489 [info] Got 2 sessions for ...
2025-09-23 07:24:35.507 [info] Getting sessions for all scopes...
2025-09-23 07:24:35.508 [info] Got 2 sessions for ...
2025-09-23 07:24:35.509 [info] Getting sessions for read:user,repo,user:email,workflow...
2025-09-23 07:24:35.509 [info] Got 1 sessions for read:user,repo,user:email,workflow...
2025-09-23 07:24:35.517 [info] Getting sessions for all scopes...
2025-09-23 07:24:35.518 [info] Got 2 sessions for ...
2025-09-23 07:24:35.521 [info] Getting sessions for all scopes...
2025-09-23 07:24:35.521 [info] Got 2 sessions for ...
2025-09-23 07:24:35.651 [info] Getting sessions for all scopes...
2025-09-23 07:24:35.651 [info] Got 2 sessions for ...
2025-09-23 07:24:35.919 [info] Getting sessions for all scopes...
2025-09-23 07:24:35.919 [info] Got 2 sessions for ...
2025-09-23 07:24:35.920 [info] Getting sessions for read:user,repo,user:email,workflow...
2025-09-23 07:24:35.920 [info] Got 1 sessions for read:user,repo,user:email,workflow...
2025-09-23 07:24:36.003 [info] Getting sessions for all scopes...
2025-09-23 07:24:36.003 [info] Got 2 sessions for ...
2025-09-23 07:24:36.021 [info] Getting sessions for read:user,repo,user:email,workflow...
2025-09-23 07:24:36.021 [info] Got 1 sessions for read:user,repo,user:email,workflow...
2025-09-23 07:24:36.029 [info] Getting sessions for all scopes...
2025-09-23 07:24:36.029 [info] Got 2 sessions for ...
2025-09-23 07:24:36.032 [info] Getting sessions for read:user,repo,user:email,workflow...
2025-09-23 07:24:36.032 [info] Got 1 sessions for read:user,repo,user:email,workflow...
2025-09-23 07:24:36.035 [info] Getting sessions for all scopes...
2025-09-23 07:24:36.035 [info] Got 2 sessions for ...
2025-09-23 07:24:36.037 [info] Getting sessions for read:user,repo,user:email,workflow...
2025-09-23 07:24:36.037 [info] Got 1 sessions for read:user,repo,user:email,workflow...
2025-09-23 07:24:36.407 [info] fetching: Electron fetch failed with status: 429 
2025-09-23 07:24:44.461 [info] Getting sessions for all scopes...
2025-09-23 07:24:44.461 [info] Got 2 sessions for ...
2025-09-23 07:24:44.463 [info] Getting sessions for read:user,repo,user:email,workflow...
2025-09-23 07:24:44.463 [info] Got 1 sessions for read:user,repo,user:email,workflow...
2025-09-23 07:24:45.185 [info] Getting sessions for all scopes...
2025-09-23 07:24:45.185 [info] Got 2 sessions for ...
2025-09-23 07:24:46.444 [info] fetching: Node fetch failed with error: fetch failed
2025-09-23 07:25:02.291 [info] fetching: Node http/s failed with status: 429 Too Many Requests
